{"D:\\Documents\\DESARROLLO Tercer Semestre 2.0\\GESTIÓN\\QuitoHampi-main1\\QuitoHampi-main\\backend\\src\\app.js": {"path":"D:\\Documents\\DESARROLLO Tercer Semestre 2.0\\GESTIÓN\\QuitoHampi-main1\\QuitoHampi-main\\backend\\src\\app.js","statementMap":{"0":{"start":{"line":5,"column":0},"end":{"line":5,"column":15}},"1":{"start":{"line":14,"column":12},"end":{"line":14,"column":21}},"2":{"start":{"line":16,"column":0},"end":{"line":16,"column":15}},"3":{"start":{"line":17,"column":0},"end":{"line":17,"column":23}},"4":{"start":{"line":19,"column":0},"end":{"line":19,"column":32}},"5":{"start":{"line":20,"column":0},"end":{"line":20,"column":38}},"6":{"start":{"line":21,"column":0},"end":{"line":21,"column":42}},"7":{"start":{"line":22,"column":0},"end":{"line":22,"column":34}},"8":{"start":{"line":23,"column":0},"end":{"line":23,"column":52}},"9":{"start":{"line":24,"column":0},"end":{"line":24,"column":30}},"10":{"start":{"line":26,"column":0},"end":{"line":28,"column":2}},"11":{"start":{"line":27,"column":2},"end":{"line":27,"column":65}}},"fnMap":{"0":{"name":"(anonymous_0)","decl":{"start":{"line":26,"column":23},"end":{"line":26,"column":24}},"loc":{"start":{"line":26,"column":37},"end":{"line":28,"column":1}},"line":26}},"branchMap":{},"s":{"0":3,"1":3,"2":3,"3":3,"4":3,"5":3,"6":3,"7":3,"8":3,"9":3,"10":3,"11":1},"f":{"0":1},"b":{},"inputSourceMap":null,"_coverageSchema":"1a1c01bbd47fc00a2c39e90264f33305004495a9","hash":"dbbfe9fead85173879b9c3cc3e49242315c4b6b3"}
,"D:\\Documents\\DESARROLLO Tercer Semestre 2.0\\GESTIÓN\\QuitoHampi-main1\\QuitoHampi-main\\backend\\src\\middleware\\auth.js": {"path":"D:\\Documents\\DESARROLLO Tercer Semestre 2.0\\GESTIÓN\\QuitoHampi-main1\\QuitoHampi-main\\backend\\src\\middleware\\auth.js","statementMap":{"0":{"start":{"line":3,"column":27},"end":{"line":18,"column":1}},"1":{"start":{"line":4,"column":21},"end":{"line":4,"column":46}},"2":{"start":{"line":5,"column":2},"end":{"line":7,"column":3}},"3":{"start":{"line":6,"column":4},"end":{"line":6,"column":71}},"4":{"start":{"line":9,"column":16},"end":{"line":9,"column":40}},"5":{"start":{"line":11,"column":2},"end":{"line":17,"column":3}},"6":{"start":{"line":12,"column":20},"end":{"line":12,"column":61}},"7":{"start":{"line":13,"column":4},"end":{"line":13,"column":22}},"8":{"start":{"line":14,"column":4},"end":{"line":14,"column":10}},"9":{"start":{"line":16,"column":4},"end":{"line":16,"column":71}},"10":{"start":{"line":20,"column":27},"end":{"line":30,"column":1}},"11":{"start":{"line":21,"column":2},"end":{"line":29,"column":3}},"12":{"start":{"line":22,"column":4},"end":{"line":24,"column":5}},"13":{"start":{"line":23,"column":6},"end":{"line":23,"column":62}},"14":{"start":{"line":25,"column":4},"end":{"line":27,"column":5}},"15":{"start":{"line":26,"column":6},"end":{"line":26,"column":91}},"16":{"start":{"line":28,"column":4},"end":{"line":28,"column":10}}},"fnMap":{"0":{"name":"(anonymous_0)","decl":{"start":{"line":3,"column":27},"end":{"line":3,"column":28}},"loc":{"start":{"line":3,"column":47},"end":{"line":18,"column":1}},"line":3},"1":{"name":"(anonymous_1)","decl":{"start":{"line":20,"column":27},"end":{"line":20,"column":28}},"loc":{"start":{"line":20,"column":41},"end":{"line":30,"column":1}},"line":20},"2":{"name":"(anonymous_2)","decl":{"start":{"line":21,"column":9},"end":{"line":21,"column":10}},"loc":{"start":{"line":21,"column":29},"end":{"line":29,"column":3}},"line":21}},"branchMap":{"0":{"loc":{"start":{"line":5,"column":2},"end":{"line":7,"column":3}},"type":"if","locations":[{"start":{"line":5,"column":2},"end":{"line":7,"column":3}},{"start":{},"end":{}}],"line":5},"1":{"loc":{"start":{"line":5,"column":6},"end":{"line":5,"column":54}},"type":"binary-expr","locations":[{"start":{"line":5,"column":6},"end":{"line":5,"column":17}},{"start":{"line":5,"column":21},"end":{"line":5,"column":54}}],"line":5},"2":{"loc":{"start":{"line":22,"column":4},"end":{"line":24,"column":5}},"type":"if","locations":[{"start":{"line":22,"column":4},"end":{"line":24,"column":5}},{"start":{},"end":{}}],"line":22},"3":{"loc":{"start":{"line":25,"column":4},"end":{"line":27,"column":5}},"type":"if","locations":[{"start":{"line":25,"column":4},"end":{"line":27,"column":5}},{"start":{},"end":{}}],"line":25}},"s":{"0":3,"1":0,"2":0,"3":0,"4":0,"5":0,"6":0,"7":0,"8":0,"9":0,"10":3,"11":33,"12":0,"13":0,"14":0,"15":0,"16":0},"f":{"0":0,"1":33,"2":0},"b":{"0":[0,0],"1":[0,0],"2":[0,0],"3":[0,0]},"inputSourceMap":null,"_coverageSchema":"1a1c01bbd47fc00a2c39e90264f33305004495a9","hash":"211bc09b37aa350e6e7be6823286d26a539fd55d"}
,"D:\\Documents\\DESARROLLO Tercer Semestre 2.0\\GESTIÓN\\QuitoHampi-main1\\QuitoHampi-main\\backend\\src\\modules\\auth\\auth.controller.js": {"path":"D:\\Documents\\DESARROLLO Tercer Semestre 2.0\\GESTIÓN\\QuitoHampi-main1\\QuitoHampi-main\\backend\\src\\modules\\auth\\auth.controller.js","statementMap":{"0":{"start":{"line":5,"column":21},"end":{"line":17,"column":1}},"1":{"start":{"line":6,"column":30},"end":{"line":6,"column":38}},"2":{"start":{"line":7,"column":2},"end":{"line":9,"column":3}},"3":{"start":{"line":8,"column":4},"end":{"line":8,"column":75}},"4":{"start":{"line":11,"column":17},"end":{"line":11,"column":61}},"5":{"start":{"line":12,"column":2},"end":{"line":14,"column":3}},"6":{"start":{"line":13,"column":4},"end":{"line":13,"column":58}},"7":{"start":{"line":16,"column":2},"end":{"line":16,"column":61}},"8":{"start":{"line":19,"column":24},"end":{"line":57,"column":1}},"9":{"start":{"line":20,"column":85},"end":{"line":20,"column":93}},"10":{"start":{"line":21,"column":2},"end":{"line":21,"column":148}},"11":{"start":{"line":23,"column":2},"end":{"line":25,"column":3}},"12":{"start":{"line":24,"column":4},"end":{"line":24,"column":77}},"13":{"start":{"line":27,"column":2},"end":{"line":29,"column":3}},"14":{"start":{"line":28,"column":4},"end":{"line":28,"column":81}},"15":{"start":{"line":31,"column":2},"end":{"line":33,"column":3}},"16":{"start":{"line":32,"column":4},"end":{"line":32,"column":142}},"17":{"start":{"line":35,"column":2},"end":{"line":37,"column":3}},"18":{"start":{"line":36,"column":4},"end":{"line":36,"column":87}},"19":{"start":{"line":39,"column":17},"end":{"line":39,"column":57}},"20":{"start":{"line":40,"column":2},"end":{"line":50,"column":3}},"21":{"start":{"line":41,"column":4},"end":{"line":49,"column":5}},"22":{"start":{"line":43,"column":8},"end":{"line":43,"column":62}},"23":{"start":{"line":46,"column":8},"end":{"line":46,"column":62}},"24":{"start":{"line":48,"column":8},"end":{"line":48,"column":62}},"25":{"start":{"line":52,"column":18},"end":{"line":54,"column":51}},"26":{"start":{"line":56,"column":2},"end":{"line":56,"column":70}},"27":{"start":{"line":59,"column":30},"end":{"line":76,"column":1}},"28":{"start":{"line":60,"column":20},"end":{"line":60,"column":28}},"29":{"start":{"line":61,"column":2},"end":{"line":63,"column":3}},"30":{"start":{"line":62,"column":4},"end":{"line":62,"column":61}},"31":{"start":{"line":65,"column":25},"end":{"line":69,"column":13}},"32":{"start":{"line":71,"column":2},"end":{"line":73,"column":3}},"33":{"start":{"line":72,"column":4},"end":{"line":72,"column":81}},"34":{"start":{"line":75,"column":2},"end":{"line":75,"column":85}},"35":{"start":{"line":78,"column":30},"end":{"line":90,"column":1}},"36":{"start":{"line":79,"column":43},"end":{"line":79,"column":51}},"37":{"start":{"line":80,"column":2},"end":{"line":82,"column":3}},"38":{"start":{"line":81,"column":4},"end":{"line":81,"column":82}},"39":{"start":{"line":84,"column":17},"end":{"line":84,"column":92}},"40":{"start":{"line":85,"column":2},"end":{"line":87,"column":3}},"41":{"start":{"line":86,"column":4},"end":{"line":86,"column":58}},"42":{"start":{"line":89,"column":2},"end":{"line":89,"column":46}}},"fnMap":{"0":{"name":"(anonymous_0)","decl":{"start":{"line":5,"column":21},"end":{"line":5,"column":22}},"loc":{"start":{"line":5,"column":41},"end":{"line":17,"column":1}},"line":5},"1":{"name":"(anonymous_1)","decl":{"start":{"line":19,"column":24},"end":{"line":19,"column":25}},"loc":{"start":{"line":19,"column":44},"end":{"line":57,"column":1}},"line":19},"2":{"name":"(anonymous_2)","decl":{"start":{"line":59,"column":30},"end":{"line":59,"column":31}},"loc":{"start":{"line":59,"column":50},"end":{"line":76,"column":1}},"line":59},"3":{"name":"(anonymous_3)","decl":{"start":{"line":78,"column":30},"end":{"line":78,"column":31}},"loc":{"start":{"line":78,"column":50},"end":{"line":90,"column":1}},"line":78}},"branchMap":{"0":{"loc":{"start":{"line":7,"column":2},"end":{"line":9,"column":3}},"type":"if","locations":[{"start":{"line":7,"column":2},"end":{"line":9,"column":3}},{"start":{},"end":{}}],"line":7},"1":{"loc":{"start":{"line":7,"column":6},"end":{"line":7,"column":25}},"type":"binary-expr","locations":[{"start":{"line":7,"column":6},"end":{"line":7,"column":12}},{"start":{"line":7,"column":16},"end":{"line":7,"column":25}}],"line":7},"2":{"loc":{"start":{"line":12,"column":2},"end":{"line":14,"column":3}},"type":"if","locations":[{"start":{"line":12,"column":2},"end":{"line":14,"column":3}},{"start":{},"end":{}}],"line":12},"3":{"loc":{"start":{"line":21,"column":80},"end":{"line":21,"column":108}},"type":"cond-expr","locations":[{"start":{"line":21,"column":91},"end":{"line":21,"column":96}},{"start":{"line":21,"column":99},"end":{"line":21,"column":108}}],"line":21},"4":{"loc":{"start":{"line":23,"column":2},"end":{"line":25,"column":3}},"type":"if","locations":[{"start":{"line":23,"column":2},"end":{"line":25,"column":3}},{"start":{},"end":{}}],"line":23},"5":{"loc":{"start":{"line":23,"column":6},"end":{"line":23,"column":60}},"type":"binary-expr","locations":[{"start":{"line":23,"column":6},"end":{"line":23,"column":13}},{"start":{"line":23,"column":17},"end":{"line":23,"column":26}},{"start":{"line":23,"column":30},"end":{"line":23,"column":36}},{"start":{"line":23,"column":40},"end":{"line":23,"column":49}},{"start":{"line":23,"column":53},"end":{"line":23,"column":60}}],"line":23},"6":{"loc":{"start":{"line":27,"column":2},"end":{"line":29,"column":3}},"type":"if","locations":[{"start":{"line":27,"column":2},"end":{"line":29,"column":3}},{"start":{},"end":{}}],"line":27},"7":{"loc":{"start":{"line":27,"column":6},"end":{"line":27,"column":51}},"type":"binary-expr","locations":[{"start":{"line":27,"column":6},"end":{"line":27,"column":10}},{"start":{"line":27,"column":14},"end":{"line":27,"column":51}}],"line":27},"8":{"loc":{"start":{"line":31,"column":2},"end":{"line":33,"column":3}},"type":"if","locations":[{"start":{"line":31,"column":2},"end":{"line":33,"column":3}},{"start":{},"end":{}}],"line":31},"9":{"loc":{"start":{"line":31,"column":6},"end":{"line":31,"column":44}},"type":"binary-expr","locations":[{"start":{"line":31,"column":6},"end":{"line":31,"column":14}},{"start":{"line":31,"column":18},"end":{"line":31,"column":44}}],"line":31},"10":{"loc":{"start":{"line":35,"column":2},"end":{"line":37,"column":3}},"type":"if","locations":[{"start":{"line":35,"column":2},"end":{"line":37,"column":3}},{"start":{},"end":{}}],"line":35},"11":{"loc":{"start":{"line":35,"column":6},"end":{"line":35,"column":39}},"type":"binary-expr","locations":[{"start":{"line":35,"column":6},"end":{"line":35,"column":22}},{"start":{"line":35,"column":26},"end":{"line":35,"column":39}}],"line":35},"12":{"loc":{"start":{"line":40,"column":2},"end":{"line":50,"column":3}},"type":"if","locations":[{"start":{"line":40,"column":2},"end":{"line":50,"column":3}},{"start":{},"end":{}}],"line":40},"13":{"loc":{"start":{"line":41,"column":4},"end":{"line":49,"column":5}},"type":"switch","locations":[{"start":{"line":42,"column":6},"end":{"line":43,"column":62}},{"start":{"line":44,"column":6},"end":{"line":44,"column":42}},{"start":{"line":45,"column":6},"end":{"line":46,"column":62}},{"start":{"line":47,"column":6},"end":{"line":48,"column":62}}],"line":41},"14":{"loc":{"start":{"line":52,"column":18},"end":{"line":54,"column":51}},"type":"cond-expr","locations":[{"start":{"line":53,"column":6},"end":{"line":53,"column":70}},{"start":{"line":54,"column":6},"end":{"line":54,"column":51}}],"line":52},"15":{"loc":{"start":{"line":61,"column":2},"end":{"line":63,"column":3}},"type":"if","locations":[{"start":{"line":61,"column":2},"end":{"line":63,"column":3}},{"start":{},"end":{}}],"line":61},"16":{"loc":{"start":{"line":71,"column":2},"end":{"line":73,"column":3}},"type":"if","locations":[{"start":{"line":71,"column":2},"end":{"line":73,"column":3}},{"start":{},"end":{}}],"line":71},"17":{"loc":{"start":{"line":80,"column":2},"end":{"line":82,"column":3}},"type":"if","locations":[{"start":{"line":80,"column":2},"end":{"line":82,"column":3}},{"start":{},"end":{}}],"line":80},"18":{"loc":{"start":{"line":80,"column":6},"end":{"line":80,"column":38}},"type":"binary-expr","locations":[{"start":{"line":80,"column":6},"end":{"line":80,"column":22}},{"start":{"line":80,"column":26},"end":{"line":80,"column":38}}],"line":80},"19":{"loc":{"start":{"line":85,"column":2},"end":{"line":87,"column":3}},"type":"if","locations":[{"start":{"line":85,"column":2},"end":{"line":87,"column":3}},{"start":{},"end":{}}],"line":85}},"s":{"0":3,"1":1,"2":1,"3":1,"4":0,"5":0,"6":0,"7":0,"8":3,"9":0,"10":0,"11":0,"12":0,"13":0,"14":0,"15":0,"16":0,"17":0,"18":0,"19":0,"20":0,"21":0,"22":0,"23":0,"24":0,"25":0,"26":0,"27":3,"28":0,"29":0,"30":0,"31":0,"32":0,"33":0,"34":0,"35":3,"36":0,"37":0,"38":0,"39":0,"40":0,"41":0,"42":0},"f":{"0":1,"1":0,"2":0,"3":0},"b":{"0":[1,0],"1":[1,0],"2":[0,0],"3":[0,0],"4":[0,0],"5":[0,0,0,0,0],"6":[0,0],"7":[0,0],"8":[0,0],"9":[0,0],"10":[0,0],"11":[0,0],"12":[0,0],"13":[0,0,0,0],"14":[0,0],"15":[0,0],"16":[0,0],"17":[0,0],"18":[0,0],"19":[0,0]},"inputSourceMap":null,"_coverageSchema":"1a1c01bbd47fc00a2c39e90264f33305004495a9","hash":"4b1206e646f1e61cde1fe646827f411abdb8bec1"}
,"D:\\Documents\\DESARROLLO Tercer Semestre 2.0\\GESTIÓN\\QuitoHampi-main1\\QuitoHampi-main\\backend\\src\\modules\\auth\\auth.routes.js": {"path":"D:\\Documents\\DESARROLLO Tercer Semestre 2.0\\GESTIÓN\\QuitoHampi-main1\\QuitoHampi-main\\backend\\src\\modules\\auth\\auth.routes.js","statementMap":{"0":{"start":{"line":5,"column":15},"end":{"line":5,"column":23}},"1":{"start":{"line":7,"column":0},"end":{"line":7,"column":43}},"2":{"start":{"line":8,"column":0},"end":{"line":8,"column":49}},"3":{"start":{"line":9,"column":0},"end":{"line":9,"column":62}},"4":{"start":{"line":10,"column":0},"end":{"line":10,"column":74}}},"fnMap":{},"branchMap":{},"s":{"0":3,"1":3,"2":3,"3":3,"4":3},"f":{},"b":{},"inputSourceMap":null,"_coverageSchema":"1a1c01bbd47fc00a2c39e90264f33305004495a9","hash":"99c04ed0d87a8ef52b108d3217fae89b1f0058d5"}
,"D:\\Documents\\DESARROLLO Tercer Semestre 2.0\\GESTIÓN\\QuitoHampi-main1\\QuitoHampi-main\\backend\\src\\modules\\auth\\auth.service.js": {"path":"D:\\Documents\\DESARROLLO Tercer Semestre 2.0\\GESTIÓN\\QuitoHampi-main1\\QuitoHampi-main\\backend\\src\\modules\\auth\\auth.service.js","statementMap":{"0":{"start":{"line":7,"column":25},"end":{"line":59,"column":1}},"1":{"start":{"line":8,"column":32},"end":{"line":12,"column":13}},"2":{"start":{"line":14,"column":2},"end":{"line":16,"column":3}},"3":{"start":{"line":15,"column":4},"end":{"line":15,"column":66}},"4":{"start":{"line":18,"column":2},"end":{"line":20,"column":3}},"5":{"start":{"line":19,"column":4},"end":{"line":19,"column":90}},"6":{"start":{"line":22,"column":2},"end":{"line":24,"column":3}},"7":{"start":{"line":23,"column":4},"end":{"line":23,"column":101}},"8":{"start":{"line":26,"column":2},"end":{"line":28,"column":3}},"9":{"start":{"line":27,"column":4},"end":{"line":27,"column":84}},"10":{"start":{"line":30,"column":2},"end":{"line":32,"column":3}},"11":{"start":{"line":31,"column":4},"end":{"line":31,"column":81}},"12":{"start":{"line":34,"column":24},"end":{"line":36,"column":32}},"13":{"start":{"line":38,"column":2},"end":{"line":46,"column":3}},"14":{"start":{"line":39,"column":27},"end":{"line":39,"column":60}},"15":{"start":{"line":40,"column":20},"end":{"line":40,"column":57}},"16":{"start":{"line":41,"column":4},"end":{"line":43,"column":5}},"17":{"start":{"line":42,"column":6},"end":{"line":42,"column":82}},"18":{"start":{"line":44,"column":4},"end":{"line":44,"column":69}},"19":{"start":{"line":45,"column":4},"end":{"line":45,"column":66}},"20":{"start":{"line":48,"column":2},"end":{"line":50,"column":3}},"21":{"start":{"line":49,"column":4},"end":{"line":49,"column":109}},"22":{"start":{"line":52,"column":16},"end":{"line":56,"column":3}},"23":{"start":{"line":58,"column":2},"end":{"line":58,"column":111}},"24":{"start":{"line":61,"column":28},"end":{"line":164,"column":1}},"25":{"start":{"line":62,"column":2},"end":{"line":62,"column":122}},"26":{"start":{"line":64,"column":2},"end":{"line":66,"column":3}},"27":{"start":{"line":65,"column":4},"end":{"line":65,"column":64}},"28":{"start":{"line":68,"column":2},"end":{"line":70,"column":3}},"29":{"start":{"line":69,"column":4},"end":{"line":69,"column":74}},"30":{"start":{"line":72,"column":34},"end":{"line":76,"column":13}},"31":{"start":{"line":78,"column":2},"end":{"line":80,"column":3}},"32":{"start":{"line":79,"column":4},"end":{"line":79,"column":70}},"33":{"start":{"line":82,"column":35},"end":{"line":86,"column":13}},"34":{"start":{"line":88,"column":2},"end":{"line":90,"column":3}},"35":{"start":{"line":89,"column":4},"end":{"line":89,"column":89}},"36":{"start":{"line":92,"column":25},"end":{"line":92,"column":67}},"37":{"start":{"line":94,"column":17},"end":{"line":94,"column":67}},"38":{"start":{"line":96,"column":2},"end":{"line":96,"column":52}},"39":{"start":{"line":97,"column":47},"end":{"line":107,"column":13}},"40":{"start":{"line":109,"column":2},"end":{"line":112,"column":3}},"41":{"start":{"line":110,"column":4},"end":{"line":110,"column":75}},"42":{"start":{"line":111,"column":4},"end":{"line":111,"column":91}},"43":{"start":{"line":114,"column":2},"end":{"line":114,"column":54}},"44":{"start":{"line":116,"column":2},"end":{"line":137,"column":3}},"45":{"start":{"line":117,"column":4},"end":{"line":117,"column":55}},"46":{"start":{"line":118,"column":51},"end":{"line":128,"column":15}},"47":{"start":{"line":130,"column":4},"end":{"line":133,"column":5}},"48":{"start":{"line":131,"column":6},"end":{"line":131,"column":79}},"49":{"start":{"line":132,"column":6},"end":{"line":132,"column":105}},"50":{"start":{"line":135,"column":4},"end":{"line":135,"column":58}},"51":{"start":{"line":136,"column":4},"end":{"line":136,"column":68}},"52":{"start":{"line":139,"column":2},"end":{"line":161,"column":3}},"53":{"start":{"line":140,"column":4},"end":{"line":140,"column":53}},"54":{"start":{"line":141,"column":47},"end":{"line":152,"column":15}},"55":{"start":{"line":154,"column":4},"end":{"line":157,"column":5}},"56":{"start":{"line":155,"column":6},"end":{"line":155,"column":75}},"57":{"start":{"line":156,"column":6},"end":{"line":156,"column":101}},"58":{"start":{"line":159,"column":4},"end":{"line":159,"column":54}},"59":{"start":{"line":160,"column":4},"end":{"line":160,"column":66}},"60":{"start":{"line":163,"column":2},"end":{"line":163,"column":41}},"61":{"start":{"line":166,"column":30},"end":{"line":196,"column":1}},"62":{"start":{"line":167,"column":32},"end":{"line":171,"column":13}},"63":{"start":{"line":173,"column":2},"end":{"line":175,"column":3}},"64":{"start":{"line":174,"column":4},"end":{"line":174,"column":63}},"65":{"start":{"line":177,"column":16},"end":{"line":179,"column":39}},"66":{"start":{"line":181,"column":2},"end":{"line":183,"column":3}},"67":{"start":{"line":182,"column":4},"end":{"line":182,"column":70}},"68":{"start":{"line":185,"column":17},"end":{"line":185,"column":53}},"69":{"start":{"line":186,"column":33},"end":{"line":189,"column":21}},"70":{"start":{"line":191,"column":2},"end":{"line":193,"column":3}},"71":{"start":{"line":192,"column":4},"end":{"line":192,"column":69}},"72":{"start":{"line":195,"column":2},"end":{"line":195,"column":75}}},"fnMap":{"0":{"name":"(anonymous_0)","decl":{"start":{"line":7,"column":25},"end":{"line":7,"column":26}},"loc":{"start":{"line":7,"column":52},"end":{"line":59,"column":1}},"line":7},"1":{"name":"(anonymous_1)","decl":{"start":{"line":61,"column":28},"end":{"line":61,"column":29}},"loc":{"start":{"line":61,"column":48},"end":{"line":164,"column":1}},"line":61},"2":{"name":"(anonymous_2)","decl":{"start":{"line":166,"column":30},"end":{"line":166,"column":31}},"loc":{"start":{"line":166,"column":78},"end":{"line":196,"column":1}},"line":166}},"branchMap":{"0":{"loc":{"start":{"line":14,"column":2},"end":{"line":16,"column":3}},"type":"if","locations":[{"start":{"line":14,"column":2},"end":{"line":16,"column":3}},{"start":{},"end":{}}],"line":14},"1":{"loc":{"start":{"line":14,"column":6},"end":{"line":14,"column":20}},"type":"binary-expr","locations":[{"start":{"line":14,"column":6},"end":{"line":14,"column":11}},{"start":{"line":14,"column":15},"end":{"line":14,"column":20}}],"line":14},"2":{"loc":{"start":{"line":18,"column":2},"end":{"line":20,"column":3}},"type":"if","locations":[{"start":{"line":18,"column":2},"end":{"line":20,"column":3}},{"start":{},"end":{}}],"line":18},"3":{"loc":{"start":{"line":22,"column":2},"end":{"line":24,"column":3}},"type":"if","locations":[{"start":{"line":22,"column":2},"end":{"line":24,"column":3}},{"start":{},"end":{}}],"line":22},"4":{"loc":{"start":{"line":22,"column":6},"end":{"line":22,"column":73}},"type":"binary-expr","locations":[{"start":{"line":22,"column":6},"end":{"line":22,"column":26}},{"start":{"line":22,"column":30},"end":{"line":22,"column":73}}],"line":22},"5":{"loc":{"start":{"line":26,"column":2},"end":{"line":28,"column":3}},"type":"if","locations":[{"start":{"line":26,"column":2},"end":{"line":28,"column":3}},{"start":{},"end":{}}],"line":26},"6":{"loc":{"start":{"line":30,"column":2},"end":{"line":32,"column":3}},"type":"if","locations":[{"start":{"line":30,"column":2},"end":{"line":32,"column":3}},{"start":{},"end":{}}],"line":30},"7":{"loc":{"start":{"line":34,"column":24},"end":{"line":36,"column":32}},"type":"cond-expr","locations":[{"start":{"line":35,"column":6},"end":{"line":35,"column":53}},{"start":{"line":36,"column":6},"end":{"line":36,"column":32}}],"line":34},"8":{"loc":{"start":{"line":38,"column":2},"end":{"line":46,"column":3}},"type":"if","locations":[{"start":{"line":38,"column":2},"end":{"line":46,"column":3}},{"start":{},"end":{}}],"line":38},"9":{"loc":{"start":{"line":39,"column":28},"end":{"line":39,"column":55}},"type":"binary-expr","locations":[{"start":{"line":39,"column":28},"end":{"line":39,"column":50}},{"start":{"line":39,"column":54},"end":{"line":39,"column":55}}],"line":39},"10":{"loc":{"start":{"line":41,"column":4},"end":{"line":43,"column":5}},"type":"if","locations":[{"start":{"line":41,"column":4},"end":{"line":43,"column":5}},{"start":{},"end":{}}],"line":41},"11":{"loc":{"start":{"line":48,"column":2},"end":{"line":50,"column":3}},"type":"if","locations":[{"start":{"line":48,"column":2},"end":{"line":50,"column":3}},{"start":{},"end":{}}],"line":48},"12":{"loc":{"start":{"line":48,"column":6},"end":{"line":48,"column":56}},"type":"binary-expr","locations":[{"start":{"line":48,"column":6},"end":{"line":48,"column":32}},{"start":{"line":48,"column":36},"end":{"line":48,"column":56}}],"line":48},"13":{"loc":{"start":{"line":62,"column":82},"end":{"line":62,"column":119}},"type":"cond-expr","locations":[{"start":{"line":62,"column":102},"end":{"line":62,"column":107}},{"start":{"line":62,"column":110},"end":{"line":62,"column":119}}],"line":62},"14":{"loc":{"start":{"line":64,"column":2},"end":{"line":66,"column":3}},"type":"if","locations":[{"start":{"line":64,"column":2},"end":{"line":66,"column":3}},{"start":{},"end":{}}],"line":64},"15":{"loc":{"start":{"line":68,"column":2},"end":{"line":70,"column":3}},"type":"if","locations":[{"start":{"line":68,"column":2},"end":{"line":70,"column":3}},{"start":{},"end":{}}],"line":68},"16":{"loc":{"start":{"line":78,"column":2},"end":{"line":80,"column":3}},"type":"if","locations":[{"start":{"line":78,"column":2},"end":{"line":80,"column":3}},{"start":{},"end":{}}],"line":78},"17":{"loc":{"start":{"line":88,"column":2},"end":{"line":90,"column":3}},"type":"if","locations":[{"start":{"line":88,"column":2},"end":{"line":90,"column":3}},{"start":{},"end":{}}],"line":88},"18":{"loc":{"start":{"line":94,"column":17},"end":{"line":94,"column":67}},"type":"cond-expr","locations":[{"start":{"line":94,"column":45},"end":{"line":94,"column":56}},{"start":{"line":94,"column":59},"end":{"line":94,"column":67}}],"line":94},"19":{"loc":{"start":{"line":109,"column":2},"end":{"line":112,"column":3}},"type":"if","locations":[{"start":{"line":109,"column":2},"end":{"line":112,"column":3}},{"start":{},"end":{}}],"line":109},"20":{"loc":{"start":{"line":116,"column":2},"end":{"line":137,"column":3}},"type":"if","locations":[{"start":{"line":116,"column":2},"end":{"line":137,"column":3}},{"start":{},"end":{}}],"line":116},"21":{"loc":{"start":{"line":125,"column":18},"end":{"line":125,"column":43}},"type":"binary-expr","locations":[{"start":{"line":125,"column":18},"end":{"line":125,"column":35}},{"start":{"line":125,"column":39},"end":{"line":125,"column":43}}],"line":125},"22":{"loc":{"start":{"line":130,"column":4},"end":{"line":133,"column":5}},"type":"if","locations":[{"start":{"line":130,"column":4},"end":{"line":133,"column":5}},{"start":{},"end":{}}],"line":130},"23":{"loc":{"start":{"line":139,"column":2},"end":{"line":161,"column":3}},"type":"if","locations":[{"start":{"line":139,"column":2},"end":{"line":161,"column":3}},{"start":{},"end":{}}],"line":139},"24":{"loc":{"start":{"line":148,"column":18},"end":{"line":148,"column":43}},"type":"binary-expr","locations":[{"start":{"line":148,"column":18},"end":{"line":148,"column":35}},{"start":{"line":148,"column":39},"end":{"line":148,"column":43}}],"line":148},"25":{"loc":{"start":{"line":154,"column":4},"end":{"line":157,"column":5}},"type":"if","locations":[{"start":{"line":154,"column":4},"end":{"line":157,"column":5}},{"start":{},"end":{}}],"line":154},"26":{"loc":{"start":{"line":173,"column":2},"end":{"line":175,"column":3}},"type":"if","locations":[{"start":{"line":173,"column":2},"end":{"line":175,"column":3}},{"start":{},"end":{}}],"line":173},"27":{"loc":{"start":{"line":173,"column":6},"end":{"line":173,"column":20}},"type":"binary-expr","locations":[{"start":{"line":173,"column":6},"end":{"line":173,"column":11}},{"start":{"line":173,"column":15},"end":{"line":173,"column":20}}],"line":173},"28":{"loc":{"start":{"line":177,"column":16},"end":{"line":179,"column":39}},"type":"cond-expr","locations":[{"start":{"line":178,"column":6},"end":{"line":178,"column":60}},{"start":{"line":179,"column":6},"end":{"line":179,"column":39}}],"line":177},"29":{"loc":{"start":{"line":181,"column":2},"end":{"line":183,"column":3}},"type":"if","locations":[{"start":{"line":181,"column":2},"end":{"line":183,"column":3}},{"start":{},"end":{}}],"line":181},"30":{"loc":{"start":{"line":191,"column":2},"end":{"line":193,"column":3}},"type":"if","locations":[{"start":{"line":191,"column":2},"end":{"line":193,"column":3}},{"start":{},"end":{}}],"line":191}},"s":{"0":4,"1":4,"2":4,"3":0,"4":4,"5":0,"6":4,"7":1,"8":3,"9":0,"10":3,"11":0,"12":3,"13":3,"14":3,"15":3,"16":3,"17":1,"18":3,"19":3,"20":0,"21":0,"22":0,"23":0,"24":4,"25":1,"26":1,"27":0,"28":1,"29":0,"30":1,"31":1,"32":0,"33":1,"34":1,"35":0,"36":1,"37":1,"38":1,"39":1,"40":1,"41":0,"42":0,"43":1,"44":1,"45":0,"46":0,"47":0,"48":0,"49":0,"50":0,"51":0,"52":1,"53":1,"54":1,"55":1,"56":0,"57":0,"58":1,"59":1,"60":0,"61":4,"62":0,"63":0,"64":0,"65":0,"66":0,"67":0,"68":0,"69":0,"70":0,"71":0,"72":0},"f":{"0":4,"1":1,"2":0},"b":{"0":[0,4],"1":[4,4],"2":[0,4],"3":[1,3],"4":[4,1],"5":[0,3],"6":[0,3],"7":[0,3],"8":[3,0],"9":[3,1],"10":[1,2],"11":[0,0],"12":[0,0],"13":[1,0],"14":[0,1],"15":[0,1],"16":[0,1],"17":[0,1],"18":[1,0],"19":[0,1],"20":[0,1],"21":[0,0],"22":[0,0],"23":[1,0],"24":[1,0],"25":[0,1],"26":[0,0],"27":[0,0],"28":[0,0],"29":[0,0],"30":[0,0]},"inputSourceMap":null,"_coverageSchema":"1a1c01bbd47fc00a2c39e90264f33305004495a9","hash":"47b28161f94216ddfdf60a5a6e6e193e55b24eb8"}
,"D:\\Documents\\DESARROLLO Tercer Semestre 2.0\\GESTIÓN\\QuitoHampi-main1\\QuitoHampi-main\\backend\\src\\modules\\citas\\citas.controller.js": {"path":"D:\\Documents\\DESARROLLO Tercer Semestre 2.0\\GESTIÓN\\QuitoHampi-main1\\QuitoHampi-main\\backend\\src\\modules\\citas\\citas.controller.js","statementMap":{"0":{"start":{"line":3,"column":27},"end":{"line":11,"column":1}},"1":{"start":{"line":4,"column":2},"end":{"line":10,"column":3}},"2":{"start":{"line":5,"column":38},"end":{"line":5,"column":47}},"3":{"start":{"line":6,"column":18},"end":{"line":6,"column":92}},"4":{"start":{"line":7,"column":4},"end":{"line":7,"column":26}},"5":{"start":{"line":9,"column":4},"end":{"line":9,"column":68}},"6":{"start":{"line":13,"column":29},"end":{"line":20,"column":1}},"7":{"start":{"line":14,"column":2},"end":{"line":19,"column":3}},"8":{"start":{"line":15,"column":18},"end":{"line":15,"column":73}},"9":{"start":{"line":16,"column":4},"end":{"line":16,"column":26}},"10":{"start":{"line":18,"column":4},"end":{"line":18,"column":68}},"11":{"start":{"line":22,"column":22},"end":{"line":42,"column":1}},"12":{"start":{"line":23,"column":2},"end":{"line":41,"column":3}},"13":{"start":{"line":24,"column":4},"end":{"line":26,"column":5}},"14":{"start":{"line":25,"column":6},"end":{"line":25,"column":83}},"15":{"start":{"line":27,"column":44},"end":{"line":27,"column":52}},"16":{"start":{"line":28,"column":4},"end":{"line":30,"column":5}},"17":{"start":{"line":29,"column":6},"end":{"line":29,"column":79}},"18":{"start":{"line":31,"column":17},"end":{"line":37,"column":6}},"19":{"start":{"line":38,"column":4},"end":{"line":38,"column":37}},"20":{"start":{"line":40,"column":4},"end":{"line":40,"column":67}},"21":{"start":{"line":44,"column":22},"end":{"line":51,"column":1}},"22":{"start":{"line":45,"column":2},"end":{"line":50,"column":3}},"23":{"start":{"line":46,"column":17},"end":{"line":46,"column":57}},"24":{"start":{"line":47,"column":4},"end":{"line":47,"column":25}},"25":{"start":{"line":49,"column":4},"end":{"line":49,"column":68}},"26":{"start":{"line":53,"column":26},"end":{"line":62,"column":1}},"27":{"start":{"line":54,"column":2},"end":{"line":61,"column":3}},"28":{"start":{"line":55,"column":20},"end":{"line":55,"column":28}},"29":{"start":{"line":56,"column":4},"end":{"line":56,"column":69}},"30":{"start":{"line":56,"column":14},"end":{"line":56,"column":69}},"31":{"start":{"line":57,"column":19},"end":{"line":57,"column":68}},"32":{"start":{"line":58,"column":4},"end":{"line":58,"column":27}},"33":{"start":{"line":60,"column":4},"end":{"line":60,"column":70}}},"fnMap":{"0":{"name":"(anonymous_0)","decl":{"start":{"line":3,"column":27},"end":{"line":3,"column":28}},"loc":{"start":{"line":3,"column":47},"end":{"line":11,"column":1}},"line":3},"1":{"name":"(anonymous_1)","decl":{"start":{"line":13,"column":29},"end":{"line":13,"column":30}},"loc":{"start":{"line":13,"column":49},"end":{"line":20,"column":1}},"line":13},"2":{"name":"(anonymous_2)","decl":{"start":{"line":22,"column":22},"end":{"line":22,"column":23}},"loc":{"start":{"line":22,"column":42},"end":{"line":42,"column":1}},"line":22},"3":{"name":"(anonymous_3)","decl":{"start":{"line":44,"column":22},"end":{"line":44,"column":23}},"loc":{"start":{"line":44,"column":42},"end":{"line":51,"column":1}},"line":44},"4":{"name":"(anonymous_4)","decl":{"start":{"line":53,"column":26},"end":{"line":53,"column":27}},"loc":{"start":{"line":53,"column":46},"end":{"line":62,"column":1}},"line":53}},"branchMap":{"0":{"loc":{"start":{"line":24,"column":4},"end":{"line":26,"column":5}},"type":"if","locations":[{"start":{"line":24,"column":4},"end":{"line":26,"column":5}},{"start":{},"end":{}}],"line":24},"1":{"loc":{"start":{"line":28,"column":4},"end":{"line":30,"column":5}},"type":"if","locations":[{"start":{"line":28,"column":4},"end":{"line":30,"column":5}},{"start":{},"end":{}}],"line":28},"2":{"loc":{"start":{"line":28,"column":8},"end":{"line":28,"column":45}},"type":"binary-expr","locations":[{"start":{"line":28,"column":8},"end":{"line":28,"column":17}},{"start":{"line":28,"column":21},"end":{"line":28,"column":27}},{"start":{"line":28,"column":31},"end":{"line":28,"column":36}},{"start":{"line":28,"column":40},"end":{"line":28,"column":45}}],"line":28},"3":{"loc":{"start":{"line":56,"column":4},"end":{"line":56,"column":69}},"type":"if","locations":[{"start":{"line":56,"column":4},"end":{"line":56,"column":69}},{"start":{},"end":{}}],"line":56}},"s":{"0":3,"1":0,"2":0,"3":0,"4":0,"5":0,"6":3,"7":0,"8":0,"9":0,"10":0,"11":3,"12":0,"13":0,"14":0,"15":0,"16":0,"17":0,"18":0,"19":0,"20":0,"21":3,"22":0,"23":0,"24":0,"25":0,"26":3,"27":0,"28":0,"29":0,"30":0,"31":0,"32":0,"33":0},"f":{"0":0,"1":0,"2":0,"3":0,"4":0},"b":{"0":[0,0],"1":[0,0],"2":[0,0,0,0],"3":[0,0]},"inputSourceMap":null,"_coverageSchema":"1a1c01bbd47fc00a2c39e90264f33305004495a9","hash":"02e3b28cf070f333c71519070cc06deb251f0824"}
,"D:\\Documents\\DESARROLLO Tercer Semestre 2.0\\GESTIÓN\\QuitoHampi-main1\\QuitoHampi-main\\backend\\src\\modules\\citas\\citas.routes.js": {"path":"D:\\Documents\\DESARROLLO Tercer Semestre 2.0\\GESTIÓN\\QuitoHampi-main1\\QuitoHampi-main\\backend\\src\\modules\\citas\\citas.routes.js","statementMap":{"0":{"start":{"line":5,"column":15},"end":{"line":5,"column":23}},"1":{"start":{"line":7,"column":0},"end":{"line":7,"column":73}},"2":{"start":{"line":8,"column":0},"end":{"line":8,"column":79}},"3":{"start":{"line":9,"column":0},"end":{"line":9,"column":53}},"4":{"start":{"line":10,"column":0},"end":{"line":10,"column":64}},"5":{"start":{"line":11,"column":0},"end":{"line":11,"column":100}}},"fnMap":{},"branchMap":{},"s":{"0":3,"1":3,"2":3,"3":3,"4":3,"5":3},"f":{},"b":{},"inputSourceMap":null,"_coverageSchema":"1a1c01bbd47fc00a2c39e90264f33305004495a9","hash":"3464187e00a5072db30552303077f4add80a59bb"}
,"D:\\Documents\\DESARROLLO Tercer Semestre 2.0\\GESTIÓN\\QuitoHampi-main1\\QuitoHampi-main\\backend\\src\\modules\\citas\\citas.service.js": {"path":"D:\\Documents\\DESARROLLO Tercer Semestre 2.0\\GESTIÓN\\QuitoHampi-main1\\QuitoHampi-main\\backend\\src\\modules\\citas\\citas.service.js","statementMap":{"0":{"start":{"line":3,"column":27},"end":{"line":15,"column":1}},"1":{"start":{"line":4,"column":14},"end":{"line":7,"column":30}},"2":{"start":{"line":9,"column":2},"end":{"line":9,"column":58}},"3":{"start":{"line":9,"column":19},"end":{"line":9,"column":58}},"4":{"start":{"line":10,"column":2},"end":{"line":10,"column":52}},"5":{"start":{"line":10,"column":16},"end":{"line":10,"column":52}},"6":{"start":{"line":12,"column":26},"end":{"line":12,"column":52}},"7":{"start":{"line":13,"column":2},"end":{"line":13,"column":24}},"8":{"start":{"line":13,"column":13},"end":{"line":13,"column":24}},"9":{"start":{"line":14,"column":2},"end":{"line":14,"column":13}},"10":{"start":{"line":17,"column":29},"end":{"line":26,"column":1}},"11":{"start":{"line":18,"column":26},"end":{"line":22,"column":41}},"12":{"start":{"line":24,"column":2},"end":{"line":24,"column":24}},"13":{"start":{"line":24,"column":13},"end":{"line":24,"column":24}},"14":{"start":{"line":25,"column":2},"end":{"line":25,"column":13}},"15":{"start":{"line":28,"column":22},"end":{"line":44,"column":1}},"16":{"start":{"line":29,"column":26},"end":{"line":40,"column":13}},"17":{"start":{"line":42,"column":2},"end":{"line":42,"column":24}},"18":{"start":{"line":42,"column":13},"end":{"line":42,"column":24}},"19":{"start":{"line":43,"column":2},"end":{"line":43,"column":13}},"20":{"start":{"line":46,"column":22},"end":{"line":56,"column":1}},"21":{"start":{"line":47,"column":26},"end":{"line":52,"column":13}},"22":{"start":{"line":54,"column":2},"end":{"line":54,"column":24}},"23":{"start":{"line":54,"column":13},"end":{"line":54,"column":24}},"24":{"start":{"line":55,"column":2},"end":{"line":55,"column":13}},"25":{"start":{"line":58,"column":26},"end":{"line":68,"column":1}},"26":{"start":{"line":59,"column":2},"end":{"line":65,"column":16}},"27":{"start":{"line":60,"column":4},"end":{"line":64,"column":23}},"28":{"start":{"line":67,"column":2},"end":{"line":67,"column":26}}},"fnMap":{"0":{"name":"(anonymous_0)","decl":{"start":{"line":3,"column":27},"end":{"line":3,"column":28}},"loc":{"start":{"line":3,"column":70},"end":{"line":15,"column":1}},"line":3},"1":{"name":"(anonymous_1)","decl":{"start":{"line":17,"column":29},"end":{"line":17,"column":30}},"loc":{"start":{"line":17,"column":51},"end":{"line":26,"column":1}},"line":17},"2":{"name":"(anonymous_2)","decl":{"start":{"line":28,"column":22},"end":{"line":28,"column":23}},"loc":{"start":{"line":28,"column":42},"end":{"line":44,"column":1}},"line":28},"3":{"name":"(anonymous_3)","decl":{"start":{"line":46,"column":22},"end":{"line":46,"column":23}},"loc":{"start":{"line":46,"column":36},"end":{"line":56,"column":1}},"line":46},"4":{"name":"(anonymous_4)","decl":{"start":{"line":58,"column":26},"end":{"line":58,"column":27}},"loc":{"start":{"line":58,"column":51},"end":{"line":68,"column":1}},"line":58}},"branchMap":{"0":{"loc":{"start":{"line":9,"column":2},"end":{"line":9,"column":58}},"type":"if","locations":[{"start":{"line":9,"column":2},"end":{"line":9,"column":58}},{"start":{},"end":{}}],"line":9},"1":{"loc":{"start":{"line":10,"column":2},"end":{"line":10,"column":52}},"type":"if","locations":[{"start":{"line":10,"column":2},"end":{"line":10,"column":52}},{"start":{},"end":{}}],"line":10},"2":{"loc":{"start":{"line":13,"column":2},"end":{"line":13,"column":24}},"type":"if","locations":[{"start":{"line":13,"column":2},"end":{"line":13,"column":24}},{"start":{},"end":{}}],"line":13},"3":{"loc":{"start":{"line":24,"column":2},"end":{"line":24,"column":24}},"type":"if","locations":[{"start":{"line":24,"column":2},"end":{"line":24,"column":24}},{"start":{},"end":{}}],"line":24},"4":{"loc":{"start":{"line":42,"column":2},"end":{"line":42,"column":24}},"type":"if","locations":[{"start":{"line":42,"column":2},"end":{"line":42,"column":24}},{"start":{},"end":{}}],"line":42},"5":{"loc":{"start":{"line":54,"column":2},"end":{"line":54,"column":24}},"type":"if","locations":[{"start":{"line":54,"column":2},"end":{"line":54,"column":24}},{"start":{},"end":{}}],"line":54}},"s":{"0":3,"1":0,"2":0,"3":0,"4":0,"5":0,"6":0,"7":0,"8":0,"9":0,"10":3,"11":0,"12":0,"13":0,"14":0,"15":3,"16":0,"17":0,"18":0,"19":0,"20":3,"21":0,"22":0,"23":0,"24":0,"25":3,"26":0,"27":0,"28":0},"f":{"0":0,"1":0,"2":0,"3":0,"4":0},"b":{"0":[0,0],"1":[0,0],"2":[0,0],"3":[0,0],"4":[0,0],"5":[0,0]},"inputSourceMap":null,"_coverageSchema":"1a1c01bbd47fc00a2c39e90264f33305004495a9","hash":"6d9375af78daf24487593be15b27f834ec1f678f"}
,"D:\\Documents\\DESARROLLO Tercer Semestre 2.0\\GESTIÓN\\QuitoHampi-main1\\QuitoHampi-main\\backend\\src\\modules\\especialidades\\especialidades.controller.js": {"path":"D:\\Documents\\DESARROLLO Tercer Semestre 2.0\\GESTIÓN\\QuitoHampi-main1\\QuitoHampi-main\\backend\\src\\modules\\especialidades\\especialidades.controller.js","statementMap":{"0":{"start":{"line":3,"column":22},"end":{"line":10,"column":1}},"1":{"start":{"line":4,"column":2},"end":{"line":9,"column":3}},"2":{"start":{"line":5,"column":27},"end":{"line":5,"column":63}},"3":{"start":{"line":6,"column":4},"end":{"line":6,"column":35}},"4":{"start":{"line":8,"column":4},"end":{"line":8,"column":77}},"5":{"start":{"line":12,"column":22},"end":{"line":21,"column":1}},"6":{"start":{"line":13,"column":2},"end":{"line":20,"column":3}},"7":{"start":{"line":14,"column":23},"end":{"line":14,"column":31}},"8":{"start":{"line":15,"column":4},"end":{"line":15,"column":75}},"9":{"start":{"line":15,"column":17},"end":{"line":15,"column":75}},"10":{"start":{"line":16,"column":25},"end":{"line":16,"column":67}},"11":{"start":{"line":17,"column":4},"end":{"line":17,"column":45}},"12":{"start":{"line":19,"column":4},"end":{"line":19,"column":73}},"13":{"start":{"line":23,"column":22},"end":{"line":32,"column":1}},"14":{"start":{"line":24,"column":2},"end":{"line":31,"column":3}},"15":{"start":{"line":25,"column":23},"end":{"line":25,"column":31}},"16":{"start":{"line":26,"column":4},"end":{"line":26,"column":75}},"17":{"start":{"line":26,"column":17},"end":{"line":26,"column":75}},"18":{"start":{"line":27,"column":25},"end":{"line":27,"column":82}},"19":{"start":{"line":28,"column":4},"end":{"line":28,"column":33}},"20":{"start":{"line":30,"column":4},"end":{"line":30,"column":78}},"21":{"start":{"line":34,"column":28},"end":{"line":41,"column":1}},"22":{"start":{"line":35,"column":2},"end":{"line":40,"column":3}},"23":{"start":{"line":36,"column":25},"end":{"line":36,"column":80}},"24":{"start":{"line":37,"column":4},"end":{"line":37,"column":33}},"25":{"start":{"line":39,"column":4},"end":{"line":39,"column":69}}},"fnMap":{"0":{"name":"(anonymous_0)","decl":{"start":{"line":3,"column":22},"end":{"line":3,"column":23}},"loc":{"start":{"line":3,"column":42},"end":{"line":10,"column":1}},"line":3},"1":{"name":"(anonymous_1)","decl":{"start":{"line":12,"column":22},"end":{"line":12,"column":23}},"loc":{"start":{"line":12,"column":42},"end":{"line":21,"column":1}},"line":12},"2":{"name":"(anonymous_2)","decl":{"start":{"line":23,"column":22},"end":{"line":23,"column":23}},"loc":{"start":{"line":23,"column":42},"end":{"line":32,"column":1}},"line":23},"3":{"name":"(anonymous_3)","decl":{"start":{"line":34,"column":28},"end":{"line":34,"column":29}},"loc":{"start":{"line":34,"column":48},"end":{"line":41,"column":1}},"line":34}},"branchMap":{"0":{"loc":{"start":{"line":15,"column":4},"end":{"line":15,"column":75}},"type":"if","locations":[{"start":{"line":15,"column":4},"end":{"line":15,"column":75}},{"start":{},"end":{}}],"line":15},"1":{"loc":{"start":{"line":26,"column":4},"end":{"line":26,"column":75}},"type":"if","locations":[{"start":{"line":26,"column":4},"end":{"line":26,"column":75}},{"start":{},"end":{}}],"line":26}},"s":{"0":3,"1":1,"2":1,"3":1,"4":0,"5":3,"6":0,"7":0,"8":0,"9":0,"10":0,"11":0,"12":0,"13":3,"14":0,"15":0,"16":0,"17":0,"18":0,"19":0,"20":0,"21":3,"22":0,"23":0,"24":0,"25":0},"f":{"0":1,"1":0,"2":0,"3":0},"b":{"0":[0,0],"1":[0,0]},"inputSourceMap":null,"_coverageSchema":"1a1c01bbd47fc00a2c39e90264f33305004495a9","hash":"c9e7115ec44e5ca4e809d8dc6a9d71271673b6c7"}
,"D:\\Documents\\DESARROLLO Tercer Semestre 2.0\\GESTIÓN\\QuitoHampi-main1\\QuitoHampi-main\\backend\\src\\modules\\especialidades\\especialidades.routes.js": {"path":"D:\\Documents\\DESARROLLO Tercer Semestre 2.0\\GESTIÓN\\QuitoHampi-main1\\QuitoHampi-main\\backend\\src\\modules\\especialidades\\especialidades.routes.js","statementMap":{"0":{"start":{"line":5,"column":15},"end":{"line":5,"column":23}},"1":{"start":{"line":7,"column":0},"end":{"line":7,"column":48}},"2":{"start":{"line":8,"column":0},"end":{"line":8,"column":84}},"3":{"start":{"line":9,"column":0},"end":{"line":9,"column":86}},"4":{"start":{"line":10,"column":0},"end":{"line":10,"column":103}}},"fnMap":{},"branchMap":{},"s":{"0":3,"1":3,"2":3,"3":3,"4":3},"f":{},"b":{},"inputSourceMap":null,"_coverageSchema":"1a1c01bbd47fc00a2c39e90264f33305004495a9","hash":"acda69c2222645864875aec71b7817b1a9316997"}
,"D:\\Documents\\DESARROLLO Tercer Semestre 2.0\\GESTIÓN\\QuitoHampi-main1\\QuitoHampi-main\\backend\\src\\modules\\especialidades\\especialidades.service.js": {"path":"D:\\Documents\\DESARROLLO Tercer Semestre 2.0\\GESTIÓN\\QuitoHampi-main1\\QuitoHampi-main\\backend\\src\\modules\\especialidades\\especialidades.service.js","statementMap":{"0":{"start":{"line":3,"column":22},"end":{"line":12,"column":1}},"1":{"start":{"line":4,"column":26},"end":{"line":8,"column":20}},"2":{"start":{"line":10,"column":2},"end":{"line":10,"column":24}},"3":{"start":{"line":10,"column":13},"end":{"line":10,"column":24}},"4":{"start":{"line":11,"column":2},"end":{"line":11,"column":13}},"5":{"start":{"line":14,"column":22},"end":{"line":23,"column":1}},"6":{"start":{"line":15,"column":26},"end":{"line":19,"column":13}},"7":{"start":{"line":21,"column":2},"end":{"line":21,"column":24}},"8":{"start":{"line":21,"column":13},"end":{"line":21,"column":24}},"9":{"start":{"line":22,"column":2},"end":{"line":22,"column":13}},"10":{"start":{"line":25,"column":22},"end":{"line":35,"column":1}},"11":{"start":{"line":26,"column":26},"end":{"line":31,"column":13}},"12":{"start":{"line":33,"column":2},"end":{"line":33,"column":24}},"13":{"start":{"line":33,"column":13},"end":{"line":33,"column":24}},"14":{"start":{"line":34,"column":2},"end":{"line":34,"column":13}},"15":{"start":{"line":37,"column":28},"end":{"line":53,"column":1}},"16":{"start":{"line":38,"column":28},"end":{"line":42,"column":13}},"17":{"start":{"line":44,"column":26},"end":{"line":49,"column":13}},"18":{"start":{"line":51,"column":2},"end":{"line":51,"column":24}},"19":{"start":{"line":51,"column":13},"end":{"line":51,"column":24}},"20":{"start":{"line":52,"column":2},"end":{"line":52,"column":13}}},"fnMap":{"0":{"name":"(anonymous_0)","decl":{"start":{"line":3,"column":22},"end":{"line":3,"column":23}},"loc":{"start":{"line":3,"column":34},"end":{"line":12,"column":1}},"line":3},"1":{"name":"(anonymous_1)","decl":{"start":{"line":14,"column":22},"end":{"line":14,"column":23}},"loc":{"start":{"line":14,"column":40},"end":{"line":23,"column":1}},"line":14},"2":{"name":"(anonymous_2)","decl":{"start":{"line":25,"column":22},"end":{"line":25,"column":23}},"loc":{"start":{"line":25,"column":44},"end":{"line":35,"column":1}},"line":25},"3":{"name":"(anonymous_3)","decl":{"start":{"line":37,"column":28},"end":{"line":37,"column":29}},"loc":{"start":{"line":37,"column":42},"end":{"line":53,"column":1}},"line":37}},"branchMap":{"0":{"loc":{"start":{"line":10,"column":2},"end":{"line":10,"column":24}},"type":"if","locations":[{"start":{"line":10,"column":2},"end":{"line":10,"column":24}},{"start":{},"end":{}}],"line":10},"1":{"loc":{"start":{"line":21,"column":2},"end":{"line":21,"column":24}},"type":"if","locations":[{"start":{"line":21,"column":2},"end":{"line":21,"column":24}},{"start":{},"end":{}}],"line":21},"2":{"loc":{"start":{"line":33,"column":2},"end":{"line":33,"column":24}},"type":"if","locations":[{"start":{"line":33,"column":2},"end":{"line":33,"column":24}},{"start":{},"end":{}}],"line":33},"3":{"loc":{"start":{"line":51,"column":2},"end":{"line":51,"column":24}},"type":"if","locations":[{"start":{"line":51,"column":2},"end":{"line":51,"column":24}},{"start":{},"end":{}}],"line":51}},"s":{"0":3,"1":1,"2":1,"3":0,"4":1,"5":3,"6":0,"7":0,"8":0,"9":0,"10":3,"11":0,"12":0,"13":0,"14":0,"15":3,"16":0,"17":0,"18":0,"19":0,"20":0},"f":{"0":1,"1":0,"2":0,"3":0},"b":{"0":[0,1],"1":[0,0],"2":[0,0],"3":[0,0]},"inputSourceMap":null,"_coverageSchema":"1a1c01bbd47fc00a2c39e90264f33305004495a9","hash":"7b68ca1f10cba7b2796141ee144dd3052b343225"}
,"D:\\Documents\\DESARROLLO Tercer Semestre 2.0\\GESTIÓN\\QuitoHampi-main1\\QuitoHampi-main\\backend\\src\\modules\\medicos\\medicos.controller.js": {"path":"D:\\Documents\\DESARROLLO Tercer Semestre 2.0\\GESTIÓN\\QuitoHampi-main1\\QuitoHampi-main\\backend\\src\\modules\\medicos\\medicos.controller.js","statementMap":{"0":{"start":{"line":3,"column":22},"end":{"line":11,"column":1}},"1":{"start":{"line":4,"column":2},"end":{"line":10,"column":3}},"2":{"start":{"line":5,"column":39},"end":{"line":5,"column":48}},"3":{"start":{"line":6,"column":20},"end":{"line":6,"column":87}},"4":{"start":{"line":7,"column":4},"end":{"line":7,"column":28}},"5":{"start":{"line":9,"column":4},"end":{"line":9,"column":70}},"6":{"start":{"line":13,"column":23},"end":{"line":23,"column":1}},"7":{"start":{"line":14,"column":2},"end":{"line":22,"column":3}},"8":{"start":{"line":15,"column":19},"end":{"line":15,"column":68}},"9":{"start":{"line":16,"column":4},"end":{"line":18,"column":5}},"10":{"start":{"line":17,"column":6},"end":{"line":17,"column":68}},"11":{"start":{"line":19,"column":4},"end":{"line":19,"column":27}},"12":{"start":{"line":21,"column":4},"end":{"line":21,"column":69}},"13":{"start":{"line":25,"column":29},"end":{"line":32,"column":1}},"14":{"start":{"line":26,"column":2},"end":{"line":31,"column":3}},"15":{"start":{"line":27,"column":23},"end":{"line":27,"column":59}},"16":{"start":{"line":28,"column":4},"end":{"line":28,"column":31}},"17":{"start":{"line":30,"column":4},"end":{"line":30,"column":73}},"18":{"start":{"line":34,"column":25},"end":{"line":45,"column":1}},"19":{"start":{"line":35,"column":2},"end":{"line":44,"column":3}},"20":{"start":{"line":36,"column":23},"end":{"line":36,"column":31}},"21":{"start":{"line":37,"column":4},"end":{"line":39,"column":5}},"22":{"start":{"line":38,"column":6},"end":{"line":38,"column":91}},"23":{"start":{"line":40,"column":19},"end":{"line":40,"column":78}},"24":{"start":{"line":41,"column":4},"end":{"line":41,"column":27}},"25":{"start":{"line":43,"column":4},"end":{"line":43,"column":71}},"26":{"start":{"line":47,"column":22},"end":{"line":58,"column":1}},"27":{"start":{"line":48,"column":2},"end":{"line":57,"column":3}},"28":{"start":{"line":49,"column":21},"end":{"line":49,"column":44}},"29":{"start":{"line":50,"column":4},"end":{"line":52,"column":5}},"30":{"start":{"line":51,"column":6},"end":{"line":51,"column":89}},"31":{"start":{"line":53,"column":20},"end":{"line":53,"column":73}},"32":{"start":{"line":54,"column":4},"end":{"line":54,"column":28}},"33":{"start":{"line":56,"column":4},"end":{"line":56,"column":72}}},"fnMap":{"0":{"name":"(anonymous_0)","decl":{"start":{"line":3,"column":22},"end":{"line":3,"column":23}},"loc":{"start":{"line":3,"column":42},"end":{"line":11,"column":1}},"line":3},"1":{"name":"(anonymous_1)","decl":{"start":{"line":13,"column":23},"end":{"line":13,"column":24}},"loc":{"start":{"line":13,"column":43},"end":{"line":23,"column":1}},"line":13},"2":{"name":"(anonymous_2)","decl":{"start":{"line":25,"column":29},"end":{"line":25,"column":30}},"loc":{"start":{"line":25,"column":49},"end":{"line":32,"column":1}},"line":25},"3":{"name":"(anonymous_3)","decl":{"start":{"line":34,"column":25},"end":{"line":34,"column":26}},"loc":{"start":{"line":34,"column":45},"end":{"line":45,"column":1}},"line":34},"4":{"name":"(anonymous_4)","decl":{"start":{"line":47,"column":22},"end":{"line":47,"column":23}},"loc":{"start":{"line":47,"column":42},"end":{"line":58,"column":1}},"line":47}},"branchMap":{"0":{"loc":{"start":{"line":16,"column":4},"end":{"line":18,"column":5}},"type":"if","locations":[{"start":{"line":16,"column":4},"end":{"line":18,"column":5}},{"start":{},"end":{}}],"line":16},"1":{"loc":{"start":{"line":37,"column":4},"end":{"line":39,"column":5}},"type":"if","locations":[{"start":{"line":37,"column":4},"end":{"line":39,"column":5}},{"start":{},"end":{}}],"line":37},"2":{"loc":{"start":{"line":50,"column":4},"end":{"line":52,"column":5}},"type":"if","locations":[{"start":{"line":50,"column":4},"end":{"line":52,"column":5}},{"start":{},"end":{}}],"line":50},"3":{"loc":{"start":{"line":50,"column":8},"end":{"line":50,"column":60}},"type":"binary-expr","locations":[{"start":{"line":50,"column":8},"end":{"line":50,"column":32}},{"start":{"line":50,"column":36},"end":{"line":50,"column":60}}],"line":50}},"s":{"0":3,"1":0,"2":0,"3":0,"4":0,"5":0,"6":3,"7":0,"8":0,"9":0,"10":0,"11":0,"12":0,"13":3,"14":0,"15":0,"16":0,"17":0,"18":3,"19":0,"20":0,"21":0,"22":0,"23":0,"24":0,"25":0,"26":3,"27":0,"28":0,"29":0,"30":0,"31":0,"32":0,"33":0},"f":{"0":0,"1":0,"2":0,"3":0,"4":0},"b":{"0":[0,0],"1":[0,0],"2":[0,0],"3":[0,0]},"inputSourceMap":null,"_coverageSchema":"1a1c01bbd47fc00a2c39e90264f33305004495a9","hash":"ed0f44a85db442d463d448affd7cf3ef336aefca"}
,"D:\\Documents\\DESARROLLO Tercer Semestre 2.0\\GESTIÓN\\QuitoHampi-main1\\QuitoHampi-main\\backend\\src\\modules\\medicos\\medicos.routes.js": {"path":"D:\\Documents\\DESARROLLO Tercer Semestre 2.0\\GESTIÓN\\QuitoHampi-main1\\QuitoHampi-main\\backend\\src\\modules\\medicos\\medicos.routes.js","statementMap":{"0":{"start":{"line":5,"column":15},"end":{"line":5,"column":23}},"1":{"start":{"line":7,"column":0},"end":{"line":7,"column":41}},"2":{"start":{"line":8,"column":0},"end":{"line":8,"column":93}},"3":{"start":{"line":9,"column":0},"end":{"line":9,"column":45}},"4":{"start":{"line":10,"column":0},"end":{"line":10,"column":92}},"5":{"start":{"line":11,"column":0},"end":{"line":11,"column":57}}},"fnMap":{},"branchMap":{},"s":{"0":3,"1":3,"2":3,"3":3,"4":3,"5":3},"f":{},"b":{},"inputSourceMap":null,"_coverageSchema":"1a1c01bbd47fc00a2c39e90264f33305004495a9","hash":"d98dacf2cac8261815aea3c5ee6ce15948a70a46"}
,"D:\\Documents\\DESARROLLO Tercer Semestre 2.0\\GESTIÓN\\QuitoHampi-main1\\QuitoHampi-main\\backend\\src\\modules\\medicos\\medicos.service.js": {"path":"D:\\Documents\\DESARROLLO Tercer Semestre 2.0\\GESTIÓN\\QuitoHampi-main1\\QuitoHampi-main\\backend\\src\\modules\\medicos\\medicos.service.js","statementMap":{"0":{"start":{"line":3,"column":34},"end":{"line":16,"column":1}},"1":{"start":{"line":4,"column":14},"end":{"line":6,"column":16}},"2":{"start":{"line":8,"column":2},"end":{"line":10,"column":3}},"3":{"start":{"line":9,"column":4},"end":{"line":9,"column":60}},"4":{"start":{"line":12,"column":26},"end":{"line":12,"column":37}},"5":{"start":{"line":13,"column":2},"end":{"line":13,"column":24}},"6":{"start":{"line":13,"column":13},"end":{"line":13,"column":24}},"7":{"start":{"line":15,"column":2},"end":{"line":15,"column":13}},"8":{"start":{"line":18,"column":29},"end":{"line":27,"column":1}},"9":{"start":{"line":19,"column":34},"end":{"line":23,"column":13}},"10":{"start":{"line":25,"column":2},"end":{"line":25,"column":24}},"11":{"start":{"line":25,"column":13},"end":{"line":25,"column":24}},"12":{"start":{"line":26,"column":2},"end":{"line":26,"column":15}},"13":{"start":{"line":29,"column":29},"end":{"line":38,"column":1}},"14":{"start":{"line":30,"column":26},"end":{"line":34,"column":30}},"15":{"start":{"line":36,"column":2},"end":{"line":36,"column":24}},"16":{"start":{"line":36,"column":13},"end":{"line":36,"column":24}},"17":{"start":{"line":37,"column":2},"end":{"line":37,"column":13}},"18":{"start":{"line":40,"column":31},"end":{"line":50,"column":1}},"19":{"start":{"line":41,"column":26},"end":{"line":46,"column":13}},"20":{"start":{"line":48,"column":2},"end":{"line":48,"column":24}},"21":{"start":{"line":48,"column":13},"end":{"line":48,"column":24}},"22":{"start":{"line":49,"column":2},"end":{"line":49,"column":13}},"23":{"start":{"line":52,"column":28},"end":{"line":62,"column":1}},"24":{"start":{"line":53,"column":26},"end":{"line":58,"column":13}},"25":{"start":{"line":60,"column":2},"end":{"line":60,"column":24}},"26":{"start":{"line":60,"column":13},"end":{"line":60,"column":24}},"27":{"start":{"line":61,"column":2},"end":{"line":61,"column":13}}},"fnMap":{"0":{"name":"(anonymous_0)","decl":{"start":{"line":3,"column":34},"end":{"line":3,"column":35}},"loc":{"start":{"line":3,"column":62},"end":{"line":16,"column":1}},"line":3},"1":{"name":"(anonymous_1)","decl":{"start":{"line":18,"column":29},"end":{"line":18,"column":30}},"loc":{"start":{"line":18,"column":43},"end":{"line":27,"column":1}},"line":18},"2":{"name":"(anonymous_2)","decl":{"start":{"line":29,"column":29},"end":{"line":29,"column":30}},"loc":{"start":{"line":29,"column":41},"end":{"line":38,"column":1}},"line":29},"3":{"name":"(anonymous_3)","decl":{"start":{"line":40,"column":31},"end":{"line":40,"column":32}},"loc":{"start":{"line":40,"column":53},"end":{"line":50,"column":1}},"line":40},"4":{"name":"(anonymous_4)","decl":{"start":{"line":52,"column":28},"end":{"line":52,"column":29}},"loc":{"start":{"line":52,"column":51},"end":{"line":62,"column":1}},"line":52}},"branchMap":{"0":{"loc":{"start":{"line":8,"column":2},"end":{"line":10,"column":3}},"type":"if","locations":[{"start":{"line":8,"column":2},"end":{"line":10,"column":3}},{"start":{},"end":{}}],"line":8},"1":{"loc":{"start":{"line":13,"column":2},"end":{"line":13,"column":24}},"type":"if","locations":[{"start":{"line":13,"column":2},"end":{"line":13,"column":24}},{"start":{},"end":{}}],"line":13},"2":{"loc":{"start":{"line":25,"column":2},"end":{"line":25,"column":24}},"type":"if","locations":[{"start":{"line":25,"column":2},"end":{"line":25,"column":24}},{"start":{},"end":{}}],"line":25},"3":{"loc":{"start":{"line":36,"column":2},"end":{"line":36,"column":24}},"type":"if","locations":[{"start":{"line":36,"column":2},"end":{"line":36,"column":24}},{"start":{},"end":{}}],"line":36},"4":{"loc":{"start":{"line":48,"column":2},"end":{"line":48,"column":24}},"type":"if","locations":[{"start":{"line":48,"column":2},"end":{"line":48,"column":24}},{"start":{},"end":{}}],"line":48},"5":{"loc":{"start":{"line":60,"column":2},"end":{"line":60,"column":24}},"type":"if","locations":[{"start":{"line":60,"column":2},"end":{"line":60,"column":24}},{"start":{},"end":{}}],"line":60}},"s":{"0":3,"1":0,"2":0,"3":0,"4":0,"5":0,"6":0,"7":0,"8":3,"9":0,"10":0,"11":0,"12":0,"13":3,"14":0,"15":0,"16":0,"17":0,"18":3,"19":0,"20":0,"21":0,"22":0,"23":3,"24":0,"25":0,"26":0,"27":0},"f":{"0":0,"1":0,"2":0,"3":0,"4":0},"b":{"0":[0,0],"1":[0,0],"2":[0,0],"3":[0,0],"4":[0,0],"5":[0,0]},"inputSourceMap":null,"_coverageSchema":"1a1c01bbd47fc00a2c39e90264f33305004495a9","hash":"64a4cb8db5897b7943ead3d08c283279e92d8931"}
,"D:\\Documents\\DESARROLLO Tercer Semestre 2.0\\GESTIÓN\\QuitoHampi-main1\\QuitoHampi-main\\backend\\src\\modules\\pacientes\\pacientes.controller.js": {"path":"D:\\Documents\\DESARROLLO Tercer Semestre 2.0\\GESTIÓN\\QuitoHampi-main1\\QuitoHampi-main\\backend\\src\\modules\\pacientes\\pacientes.controller.js","statementMap":{"0":{"start":{"line":3,"column":22},"end":{"line":10,"column":1}},"1":{"start":{"line":4,"column":2},"end":{"line":9,"column":3}},"2":{"start":{"line":5,"column":22},"end":{"line":5,"column":53}},"3":{"start":{"line":6,"column":4},"end":{"line":6,"column":30}},"4":{"start":{"line":8,"column":4},"end":{"line":8,"column":72}},"5":{"start":{"line":12,"column":23},"end":{"line":24,"column":1}},"6":{"start":{"line":13,"column":2},"end":{"line":23,"column":3}},"7":{"start":{"line":14,"column":23},"end":{"line":14,"column":46}},"8":{"start":{"line":15,"column":4},"end":{"line":17,"column":5}},"9":{"start":{"line":16,"column":6},"end":{"line":16,"column":65}},"10":{"start":{"line":18,"column":21},"end":{"line":18,"column":63}},"11":{"start":{"line":19,"column":4},"end":{"line":19,"column":83}},"12":{"start":{"line":19,"column":19},"end":{"line":19,"column":83}},"13":{"start":{"line":20,"column":4},"end":{"line":20,"column":29}},"14":{"start":{"line":22,"column":4},"end":{"line":22,"column":71}},"15":{"start":{"line":26,"column":22},"end":{"line":37,"column":1}},"16":{"start":{"line":27,"column":2},"end":{"line":36,"column":3}},"17":{"start":{"line":28,"column":23},"end":{"line":28,"column":46}},"18":{"start":{"line":29,"column":4},"end":{"line":31,"column":5}},"19":{"start":{"line":30,"column":6},"end":{"line":30,"column":65}},"20":{"start":{"line":32,"column":20},"end":{"line":32,"column":71}},"21":{"start":{"line":33,"column":4},"end":{"line":33,"column":28}},"22":{"start":{"line":35,"column":4},"end":{"line":35,"column":74}},"23":{"start":{"line":39,"column":27},"end":{"line":46,"column":1}},"24":{"start":{"line":40,"column":2},"end":{"line":45,"column":3}},"25":{"start":{"line":41,"column":21},"end":{"line":41,"column":80}},"26":{"start":{"line":42,"column":4},"end":{"line":42,"column":29}},"27":{"start":{"line":44,"column":4},"end":{"line":44,"column":69}}},"fnMap":{"0":{"name":"(anonymous_0)","decl":{"start":{"line":3,"column":22},"end":{"line":3,"column":23}},"loc":{"start":{"line":3,"column":42},"end":{"line":10,"column":1}},"line":3},"1":{"name":"(anonymous_1)","decl":{"start":{"line":12,"column":23},"end":{"line":12,"column":24}},"loc":{"start":{"line":12,"column":43},"end":{"line":24,"column":1}},"line":12},"2":{"name":"(anonymous_2)","decl":{"start":{"line":26,"column":22},"end":{"line":26,"column":23}},"loc":{"start":{"line":26,"column":42},"end":{"line":37,"column":1}},"line":26},"3":{"name":"(anonymous_3)","decl":{"start":{"line":39,"column":27},"end":{"line":39,"column":28}},"loc":{"start":{"line":39,"column":47},"end":{"line":46,"column":1}},"line":39}},"branchMap":{"0":{"loc":{"start":{"line":15,"column":4},"end":{"line":17,"column":5}},"type":"if","locations":[{"start":{"line":15,"column":4},"end":{"line":17,"column":5}},{"start":{},"end":{}}],"line":15},"1":{"loc":{"start":{"line":15,"column":8},"end":{"line":15,"column":62}},"type":"binary-expr","locations":[{"start":{"line":15,"column":8},"end":{"line":15,"column":32}},{"start":{"line":15,"column":36},"end":{"line":15,"column":62}}],"line":15},"2":{"loc":{"start":{"line":19,"column":4},"end":{"line":19,"column":83}},"type":"if","locations":[{"start":{"line":19,"column":4},"end":{"line":19,"column":83}},{"start":{},"end":{}}],"line":19},"3":{"loc":{"start":{"line":29,"column":4},"end":{"line":31,"column":5}},"type":"if","locations":[{"start":{"line":29,"column":4},"end":{"line":31,"column":5}},{"start":{},"end":{}}],"line":29},"4":{"loc":{"start":{"line":29,"column":8},"end":{"line":29,"column":62}},"type":"binary-expr","locations":[{"start":{"line":29,"column":8},"end":{"line":29,"column":32}},{"start":{"line":29,"column":36},"end":{"line":29,"column":62}}],"line":29}},"s":{"0":3,"1":0,"2":0,"3":0,"4":0,"5":3,"6":0,"7":0,"8":0,"9":0,"10":0,"11":0,"12":0,"13":0,"14":0,"15":3,"16":0,"17":0,"18":0,"19":0,"20":0,"21":0,"22":0,"23":3,"24":0,"25":0,"26":0,"27":0},"f":{"0":0,"1":0,"2":0,"3":0},"b":{"0":[0,0],"1":[0,0],"2":[0,0],"3":[0,0],"4":[0,0]},"inputSourceMap":null,"_coverageSchema":"1a1c01bbd47fc00a2c39e90264f33305004495a9","hash":"c6cfedb62552b1f5a6b79a10c79bf0a3b87862dd"}
,"D:\\Documents\\DESARROLLO Tercer Semestre 2.0\\GESTIÓN\\QuitoHampi-main1\\QuitoHampi-main\\backend\\src\\modules\\pacientes\\pacientes.routes.js": {"path":"D:\\Documents\\DESARROLLO Tercer Semestre 2.0\\GESTIÓN\\QuitoHampi-main1\\QuitoHampi-main\\backend\\src\\modules\\pacientes\\pacientes.routes.js","statementMap":{"0":{"start":{"line":5,"column":15},"end":{"line":5,"column":23}},"1":{"start":{"line":7,"column":0},"end":{"line":7,"column":78}},"2":{"start":{"line":8,"column":0},"end":{"line":8,"column":60}},"3":{"start":{"line":9,"column":0},"end":{"line":9,"column":59}},"4":{"start":{"line":10,"column":0},"end":{"line":10,"column":95}}},"fnMap":{},"branchMap":{},"s":{"0":3,"1":3,"2":3,"3":3,"4":3},"f":{},"b":{},"inputSourceMap":null,"_coverageSchema":"1a1c01bbd47fc00a2c39e90264f33305004495a9","hash":"9498e3a19b2b56b20b3dc775b0255eecce8e0ab2"}
,"D:\\Documents\\DESARROLLO Tercer Semestre 2.0\\GESTIÓN\\QuitoHampi-main1\\QuitoHampi-main\\backend\\src\\modules\\pacientes\\pacientes.service.js": {"path":"D:\\Documents\\DESARROLLO Tercer Semestre 2.0\\GESTIÓN\\QuitoHampi-main1\\QuitoHampi-main\\backend\\src\\modules\\pacientes\\pacientes.service.js","statementMap":{"0":{"start":{"line":3,"column":22},"end":{"line":11,"column":1}},"1":{"start":{"line":4,"column":26},"end":{"line":7,"column":26}},"2":{"start":{"line":9,"column":2},"end":{"line":9,"column":24}},"3":{"start":{"line":9,"column":13},"end":{"line":9,"column":24}},"4":{"start":{"line":10,"column":2},"end":{"line":10,"column":13}},"5":{"start":{"line":13,"column":23},"end":{"line":22,"column":1}},"6":{"start":{"line":14,"column":26},"end":{"line":18,"column":13}},"7":{"start":{"line":20,"column":2},"end":{"line":20,"column":24}},"8":{"start":{"line":20,"column":13},"end":{"line":20,"column":24}},"9":{"start":{"line":21,"column":2},"end":{"line":21,"column":13}},"10":{"start":{"line":24,"column":22},"end":{"line":34,"column":1}},"11":{"start":{"line":25,"column":26},"end":{"line":30,"column":13}},"12":{"start":{"line":32,"column":2},"end":{"line":32,"column":24}},"13":{"start":{"line":32,"column":13},"end":{"line":32,"column":24}},"14":{"start":{"line":33,"column":2},"end":{"line":33,"column":13}},"15":{"start":{"line":36,"column":27},"end":{"line":54,"column":1}},"16":{"start":{"line":37,"column":28},"end":{"line":41,"column":13}},"17":{"start":{"line":43,"column":20},"end":{"line":43,"column":72}},"18":{"start":{"line":45,"column":26},"end":{"line":50,"column":13}},"19":{"start":{"line":52,"column":2},"end":{"line":52,"column":24}},"20":{"start":{"line":52,"column":13},"end":{"line":52,"column":24}},"21":{"start":{"line":53,"column":2},"end":{"line":53,"column":13}}},"fnMap":{"0":{"name":"(anonymous_0)","decl":{"start":{"line":3,"column":22},"end":{"line":3,"column":23}},"loc":{"start":{"line":3,"column":34},"end":{"line":11,"column":1}},"line":3},"1":{"name":"(anonymous_1)","decl":{"start":{"line":13,"column":23},"end":{"line":13,"column":24}},"loc":{"start":{"line":13,"column":37},"end":{"line":22,"column":1}},"line":13},"2":{"name":"(anonymous_2)","decl":{"start":{"line":24,"column":22},"end":{"line":24,"column":23}},"loc":{"start":{"line":24,"column":45},"end":{"line":34,"column":1}},"line":24},"3":{"name":"(anonymous_3)","decl":{"start":{"line":36,"column":27},"end":{"line":36,"column":28}},"loc":{"start":{"line":36,"column":41},"end":{"line":54,"column":1}},"line":36}},"branchMap":{"0":{"loc":{"start":{"line":9,"column":2},"end":{"line":9,"column":24}},"type":"if","locations":[{"start":{"line":9,"column":2},"end":{"line":9,"column":24}},{"start":{},"end":{}}],"line":9},"1":{"loc":{"start":{"line":20,"column":2},"end":{"line":20,"column":24}},"type":"if","locations":[{"start":{"line":20,"column":2},"end":{"line":20,"column":24}},{"start":{},"end":{}}],"line":20},"2":{"loc":{"start":{"line":32,"column":2},"end":{"line":32,"column":24}},"type":"if","locations":[{"start":{"line":32,"column":2},"end":{"line":32,"column":24}},{"start":{},"end":{}}],"line":32},"3":{"loc":{"start":{"line":43,"column":20},"end":{"line":43,"column":72}},"type":"cond-expr","locations":[{"start":{"line":43,"column":50},"end":{"line":43,"column":61}},{"start":{"line":43,"column":64},"end":{"line":43,"column":72}}],"line":43},"4":{"loc":{"start":{"line":52,"column":2},"end":{"line":52,"column":24}},"type":"if","locations":[{"start":{"line":52,"column":2},"end":{"line":52,"column":24}},{"start":{},"end":{}}],"line":52}},"s":{"0":3,"1":0,"2":0,"3":0,"4":0,"5":3,"6":0,"7":0,"8":0,"9":0,"10":3,"11":0,"12":0,"13":0,"14":0,"15":3,"16":0,"17":0,"18":0,"19":0,"20":0,"21":0},"f":{"0":0,"1":0,"2":0,"3":0},"b":{"0":[0,0],"1":[0,0],"2":[0,0],"3":[0,0],"4":[0,0]},"inputSourceMap":null,"_coverageSchema":"1a1c01bbd47fc00a2c39e90264f33305004495a9","hash":"3209e07589bc68af67eebb1a4dddf4ae641e1809"}
,"D:\\Documents\\DESARROLLO Tercer Semestre 2.0\\GESTIÓN\\QuitoHampi-main1\\QuitoHampi-main\\backend\\src\\modules\\resenas\\resenas.controller.js": {"path":"D:\\Documents\\DESARROLLO Tercer Semestre 2.0\\GESTIÓN\\QuitoHampi-main1\\QuitoHampi-main\\backend\\src\\modules\\resenas\\resenas.controller.js","statementMap":{"0":{"start":{"line":3,"column":27},"end":{"line":10,"column":1}},"1":{"start":{"line":4,"column":2},"end":{"line":9,"column":3}},"2":{"start":{"line":5,"column":20},"end":{"line":5,"column":67}},"3":{"start":{"line":6,"column":4},"end":{"line":6,"column":28}},"4":{"start":{"line":8,"column":4},"end":{"line":8,"column":70}},"5":{"start":{"line":12,"column":22},"end":{"line":31,"column":1}},"6":{"start":{"line":13,"column":2},"end":{"line":30,"column":3}},"7":{"start":{"line":14,"column":4},"end":{"line":16,"column":5}},"8":{"start":{"line":15,"column":6},"end":{"line":15,"column":83}},"9":{"start":{"line":17,"column":38},"end":{"line":17,"column":46}},"10":{"start":{"line":18,"column":4},"end":{"line":20,"column":5}},"11":{"start":{"line":19,"column":6},"end":{"line":19,"column":81}},"12":{"start":{"line":21,"column":19},"end":{"line":26,"column":6}},"13":{"start":{"line":27,"column":4},"end":{"line":27,"column":39}},"14":{"start":{"line":29,"column":4},"end":{"line":29,"column":67}},"15":{"start":{"line":33,"column":27},"end":{"line":40,"column":1}},"16":{"start":{"line":34,"column":2},"end":{"line":39,"column":3}},"17":{"start":{"line":35,"column":20},"end":{"line":35,"column":54}},"18":{"start":{"line":36,"column":4},"end":{"line":36,"column":28}},"19":{"start":{"line":38,"column":4},"end":{"line":38,"column":70}},"20":{"start":{"line":42,"column":32},"end":{"line":49,"column":1}},"21":{"start":{"line":43,"column":2},"end":{"line":48,"column":3}},"22":{"start":{"line":44,"column":19},"end":{"line":44,"column":71}},"23":{"start":{"line":45,"column":4},"end":{"line":45,"column":27}},"24":{"start":{"line":47,"column":4},"end":{"line":47,"column":74}},"25":{"start":{"line":51,"column":22},"end":{"line":58,"column":1}},"26":{"start":{"line":52,"column":2},"end":{"line":57,"column":3}},"27":{"start":{"line":53,"column":4},"end":{"line":53,"column":46}},"28":{"start":{"line":54,"column":4},"end":{"line":54,"column":66}},"29":{"start":{"line":56,"column":4},"end":{"line":56,"column":70}}},"fnMap":{"0":{"name":"(anonymous_0)","decl":{"start":{"line":3,"column":27},"end":{"line":3,"column":28}},"loc":{"start":{"line":3,"column":47},"end":{"line":10,"column":1}},"line":3},"1":{"name":"(anonymous_1)","decl":{"start":{"line":12,"column":22},"end":{"line":12,"column":23}},"loc":{"start":{"line":12,"column":42},"end":{"line":31,"column":1}},"line":12},"2":{"name":"(anonymous_2)","decl":{"start":{"line":33,"column":27},"end":{"line":33,"column":28}},"loc":{"start":{"line":33,"column":47},"end":{"line":40,"column":1}},"line":33},"3":{"name":"(anonymous_3)","decl":{"start":{"line":42,"column":32},"end":{"line":42,"column":33}},"loc":{"start":{"line":42,"column":52},"end":{"line":49,"column":1}},"line":42},"4":{"name":"(anonymous_4)","decl":{"start":{"line":51,"column":22},"end":{"line":51,"column":23}},"loc":{"start":{"line":51,"column":42},"end":{"line":58,"column":1}},"line":51}},"branchMap":{"0":{"loc":{"start":{"line":14,"column":4},"end":{"line":16,"column":5}},"type":"if","locations":[{"start":{"line":14,"column":4},"end":{"line":16,"column":5}},{"start":{},"end":{}}],"line":14},"1":{"loc":{"start":{"line":18,"column":4},"end":{"line":20,"column":5}},"type":"if","locations":[{"start":{"line":18,"column":4},"end":{"line":20,"column":5}},{"start":{},"end":{}}],"line":18},"2":{"loc":{"start":{"line":18,"column":8},"end":{"line":18,"column":33}},"type":"binary-expr","locations":[{"start":{"line":18,"column":8},"end":{"line":18,"column":18}},{"start":{"line":18,"column":22},"end":{"line":18,"column":33}}],"line":18}},"s":{"0":3,"1":0,"2":0,"3":0,"4":0,"5":3,"6":0,"7":0,"8":0,"9":0,"10":0,"11":0,"12":0,"13":0,"14":0,"15":3,"16":0,"17":0,"18":0,"19":0,"20":3,"21":0,"22":0,"23":0,"24":0,"25":3,"26":0,"27":0,"28":0,"29":0},"f":{"0":0,"1":0,"2":0,"3":0,"4":0},"b":{"0":[0,0],"1":[0,0],"2":[0,0]},"inputSourceMap":null,"_coverageSchema":"1a1c01bbd47fc00a2c39e90264f33305004495a9","hash":"1af6614676dd73ba178cc61a57949902d911ded0"}
,"D:\\Documents\\DESARROLLO Tercer Semestre 2.0\\GESTIÓN\\QuitoHampi-main1\\QuitoHampi-main\\backend\\src\\modules\\resenas\\resenas.routes.js": {"path":"D:\\Documents\\DESARROLLO Tercer Semestre 2.0\\GESTIÓN\\QuitoHampi-main1\\QuitoHampi-main\\backend\\src\\modules\\resenas\\resenas.routes.js","statementMap":{"0":{"start":{"line":5,"column":15},"end":{"line":5,"column":23}},"1":{"start":{"line":7,"column":0},"end":{"line":7,"column":65}},"2":{"start":{"line":8,"column":0},"end":{"line":8,"column":74}},"3":{"start":{"line":9,"column":0},"end":{"line":9,"column":94}},"4":{"start":{"line":10,"column":0},"end":{"line":10,"column":111}},"5":{"start":{"line":11,"column":0},"end":{"line":11,"column":96}}},"fnMap":{},"branchMap":{},"s":{"0":3,"1":3,"2":3,"3":3,"4":3,"5":3},"f":{},"b":{},"inputSourceMap":null,"_coverageSchema":"1a1c01bbd47fc00a2c39e90264f33305004495a9","hash":"10388f50bb605933542614c4df3762804ce4c00f"}
,"D:\\Documents\\DESARROLLO Tercer Semestre 2.0\\GESTIÓN\\QuitoHampi-main1\\QuitoHampi-main\\backend\\src\\modules\\resenas\\resenas.service.js": {"path":"D:\\Documents\\DESARROLLO Tercer Semestre 2.0\\GESTIÓN\\QuitoHampi-main1\\QuitoHampi-main\\backend\\src\\modules\\resenas\\resenas.service.js","statementMap":{"0":{"start":{"line":3,"column":27},"end":{"line":13,"column":1}},"1":{"start":{"line":4,"column":26},"end":{"line":9,"column":46}},"2":{"start":{"line":11,"column":2},"end":{"line":11,"column":24}},"3":{"start":{"line":11,"column":13},"end":{"line":11,"column":24}},"4":{"start":{"line":12,"column":2},"end":{"line":12,"column":13}},"5":{"start":{"line":15,"column":22},"end":{"line":30,"column":1}},"6":{"start":{"line":16,"column":26},"end":{"line":26,"column":13}},"7":{"start":{"line":28,"column":2},"end":{"line":28,"column":24}},"8":{"start":{"line":28,"column":13},"end":{"line":28,"column":24}},"9":{"start":{"line":29,"column":2},"end":{"line":29,"column":13}},"10":{"start":{"line":32,"column":27},"end":{"line":40,"column":1}},"11":{"start":{"line":33,"column":26},"end":{"line":36,"column":46}},"12":{"start":{"line":38,"column":2},"end":{"line":38,"column":24}},"13":{"start":{"line":38,"column":13},"end":{"line":38,"column":24}},"14":{"start":{"line":39,"column":2},"end":{"line":39,"column":13}},"15":{"start":{"line":42,"column":32},"end":{"line":60,"column":1}},"16":{"start":{"line":43,"column":28},"end":{"line":47,"column":13}},"17":{"start":{"line":49,"column":20},"end":{"line":49,"column":71}},"18":{"start":{"line":51,"column":26},"end":{"line":56,"column":13}},"19":{"start":{"line":58,"column":2},"end":{"line":58,"column":24}},"20":{"start":{"line":58,"column":13},"end":{"line":58,"column":24}},"21":{"start":{"line":59,"column":2},"end":{"line":59,"column":13}},"22":{"start":{"line":62,"column":22},"end":{"line":70,"column":1}},"23":{"start":{"line":63,"column":20},"end":{"line":66,"column":17}},"24":{"start":{"line":68,"column":2},"end":{"line":68,"column":24}},"25":{"start":{"line":68,"column":13},"end":{"line":68,"column":24}},"26":{"start":{"line":69,"column":2},"end":{"line":69,"column":26}}},"fnMap":{"0":{"name":"(anonymous_0)","decl":{"start":{"line":3,"column":27},"end":{"line":3,"column":28}},"loc":{"start":{"line":3,"column":47},"end":{"line":13,"column":1}},"line":3},"1":{"name":"(anonymous_1)","decl":{"start":{"line":15,"column":22},"end":{"line":15,"column":23}},"loc":{"start":{"line":15,"column":44},"end":{"line":30,"column":1}},"line":15},"2":{"name":"(anonymous_2)","decl":{"start":{"line":32,"column":27},"end":{"line":32,"column":28}},"loc":{"start":{"line":32,"column":39},"end":{"line":40,"column":1}},"line":32},"3":{"name":"(anonymous_3)","decl":{"start":{"line":42,"column":32},"end":{"line":42,"column":33}},"loc":{"start":{"line":42,"column":46},"end":{"line":60,"column":1}},"line":42},"4":{"name":"(anonymous_4)","decl":{"start":{"line":62,"column":22},"end":{"line":62,"column":23}},"loc":{"start":{"line":62,"column":36},"end":{"line":70,"column":1}},"line":62}},"branchMap":{"0":{"loc":{"start":{"line":11,"column":2},"end":{"line":11,"column":24}},"type":"if","locations":[{"start":{"line":11,"column":2},"end":{"line":11,"column":24}},{"start":{},"end":{}}],"line":11},"1":{"loc":{"start":{"line":28,"column":2},"end":{"line":28,"column":24}},"type":"if","locations":[{"start":{"line":28,"column":2},"end":{"line":28,"column":24}},{"start":{},"end":{}}],"line":28},"2":{"loc":{"start":{"line":38,"column":2},"end":{"line":38,"column":24}},"type":"if","locations":[{"start":{"line":38,"column":2},"end":{"line":38,"column":24}},{"start":{},"end":{}}],"line":38},"3":{"loc":{"start":{"line":49,"column":20},"end":{"line":49,"column":71}},"type":"cond-expr","locations":[{"start":{"line":49,"column":51},"end":{"line":49,"column":59}},{"start":{"line":49,"column":62},"end":{"line":49,"column":71}}],"line":49},"4":{"loc":{"start":{"line":58,"column":2},"end":{"line":58,"column":24}},"type":"if","locations":[{"start":{"line":58,"column":2},"end":{"line":58,"column":24}},{"start":{},"end":{}}],"line":58},"5":{"loc":{"start":{"line":68,"column":2},"end":{"line":68,"column":24}},"type":"if","locations":[{"start":{"line":68,"column":2},"end":{"line":68,"column":24}},{"start":{},"end":{}}],"line":68}},"s":{"0":3,"1":0,"2":0,"3":0,"4":0,"5":3,"6":0,"7":0,"8":0,"9":0,"10":3,"11":0,"12":0,"13":0,"14":0,"15":3,"16":0,"17":0,"18":0,"19":0,"20":0,"21":0,"22":3,"23":0,"24":0,"25":0,"26":0},"f":{"0":0,"1":0,"2":0,"3":0,"4":0},"b":{"0":[0,0],"1":[0,0],"2":[0,0],"3":[0,0],"4":[0,0],"5":[0,0]},"inputSourceMap":null,"_coverageSchema":"1a1c01bbd47fc00a2c39e90264f33305004495a9","hash":"44944a9335de4dd035958b2385ed254a9f694b5e"}
,"D:\\Documents\\DESARROLLO Tercer Semestre 2.0\\GESTIÓN\\QuitoHampi-main1\\QuitoHampi-main\\backend\\src\\utils\\validarCedula.js": {"path":"D:\\Documents\\DESARROLLO Tercer Semestre 2.0\\GESTIÓN\\QuitoHampi-main1\\QuitoHampi-main\\backend\\src\\utils\\validarCedula.js","statementMap":{"0":{"start":{"line":1,"column":29},"end":{"line":28,"column":1}},"1":{"start":{"line":2,"column":2},"end":{"line":4,"column":3}},"2":{"start":{"line":3,"column":4},"end":{"line":3,"column":16}},"3":{"start":{"line":6,"column":20},"end":{"line":6,"column":56}},"4":{"start":{"line":7,"column":2},"end":{"line":9,"column":3}},"5":{"start":{"line":8,"column":4},"end":{"line":8,"column":16}},"6":{"start":{"line":11,"column":18},"end":{"line":11,"column":46}},"7":{"start":{"line":12,"column":22},"end":{"line":12,"column":35}},"8":{"start":{"line":14,"column":13},"end":{"line":14,"column":14}},"9":{"start":{"line":15,"column":2},"end":{"line":22,"column":3}},"10":{"start":{"line":15,"column":15},"end":{"line":15,"column":16}},"11":{"start":{"line":16,"column":16},"end":{"line":16,"column":26}},"12":{"start":{"line":17,"column":4},"end":{"line":20,"column":5}},"13":{"start":{"line":18,"column":6},"end":{"line":18,"column":16}},"14":{"start":{"line":19,"column":6},"end":{"line":19,"column":31}},"15":{"start":{"line":19,"column":21},"end":{"line":19,"column":31}},"16":{"start":{"line":21,"column":4},"end":{"line":21,"column":17}},"17":{"start":{"line":24,"column":18},"end":{"line":24,"column":27}},"18":{"start":{"line":25,"column":26},"end":{"line":25,"column":58}},"19":{"start":{"line":27,"column":2},"end":{"line":27,"column":40}}},"fnMap":{"0":{"name":"(anonymous_0)","decl":{"start":{"line":1,"column":29},"end":{"line":1,"column":30}},"loc":{"start":{"line":1,"column":41},"end":{"line":28,"column":1}},"line":1}},"branchMap":{"0":{"loc":{"start":{"line":2,"column":2},"end":{"line":4,"column":3}},"type":"if","locations":[{"start":{"line":2,"column":2},"end":{"line":4,"column":3}},{"start":{},"end":{}}],"line":2},"1":{"loc":{"start":{"line":2,"column":6},"end":{"line":2,"column":65}},"type":"binary-expr","locations":[{"start":{"line":2,"column":6},"end":{"line":2,"column":13}},{"start":{"line":2,"column":17},"end":{"line":2,"column":37}},{"start":{"line":2,"column":41},"end":{"line":2,"column":65}}],"line":2},"2":{"loc":{"start":{"line":7,"column":2},"end":{"line":9,"column":3}},"type":"if","locations":[{"start":{"line":7,"column":2},"end":{"line":9,"column":3}},{"start":{},"end":{}}],"line":7},"3":{"loc":{"start":{"line":7,"column":6},"end":{"line":7,"column":37}},"type":"binary-expr","locations":[{"start":{"line":7,"column":6},"end":{"line":7,"column":19}},{"start":{"line":7,"column":23},"end":{"line":7,"column":37}}],"line":7},"4":{"loc":{"start":{"line":17,"column":4},"end":{"line":20,"column":5}},"type":"if","locations":[{"start":{"line":17,"column":4},"end":{"line":20,"column":5}},{"start":{},"end":{}}],"line":17},"5":{"loc":{"start":{"line":19,"column":6},"end":{"line":19,"column":31}},"type":"if","locations":[{"start":{"line":19,"column":6},"end":{"line":19,"column":31}},{"start":{},"end":{}}],"line":19},"6":{"loc":{"start":{"line":25,"column":26},"end":{"line":25,"column":58}},"type":"cond-expr","locations":[{"start":{"line":25,"column":42},"end":{"line":25,"column":43}},{"start":{"line":25,"column":46},"end":{"line":25,"column":58}}],"line":25}},"s":{"0":4,"1":1,"2":0,"3":1,"4":1,"5":0,"6":1,"7":1,"8":1,"9":1,"10":1,"11":9,"12":9,"13":5,"14":5,"15":0,"16":9,"17":1,"18":1,"19":1},"f":{"0":1},"b":{"0":[0,1],"1":[1,1,1],"2":[0,1],"3":[1,1],"4":[5,4],"5":[0,5],"6":[0,1]},"inputSourceMap":null,"_coverageSchema":"1a1c01bbd47fc00a2c39e90264f33305004495a9","hash":"3c371ca6249aa10635b153663f2801a400b93f29"}
,"D:\\Documents\\DESARROLLO Tercer Semestre 2.0\\GESTIÓN\\QuitoHampi-main1\\QuitoHampi-main\\backend\\src\\utils\\validarTelefono.js": {"path":"D:\\Documents\\DESARROLLO Tercer Semestre 2.0\\GESTIÓN\\QuitoHampi-main1\\QuitoHampi-main\\backend\\src\\utils\\validarTelefono.js","statementMap":{"0":{"start":{"line":1,"column":31},"end":{"line":5,"column":1}},"1":{"start":{"line":2,"column":2},"end":{"line":2,"column":29}},"2":{"start":{"line":2,"column":17},"end":{"line":2,"column":29}},"3":{"start":{"line":3,"column":16},"end":{"line":3,"column":43}},"4":{"start":{"line":4,"column":2},"end":{"line":4,"column":29}}},"fnMap":{"0":{"name":"(anonymous_0)","decl":{"start":{"line":1,"column":31},"end":{"line":1,"column":32}},"loc":{"start":{"line":1,"column":45},"end":{"line":5,"column":1}},"line":1}},"branchMap":{"0":{"loc":{"start":{"line":2,"column":2},"end":{"line":2,"column":29}},"type":"if","locations":[{"start":{"line":2,"column":2},"end":{"line":2,"column":29}},{"start":{},"end":{}}],"line":2}},"s":{"0":4,"1":0,"2":0,"3":0,"4":0},"f":{"0":0},"b":{"0":[0,0]},"inputSourceMap":null,"_coverageSchema":"1a1c01bbd47fc00a2c39e90264f33305004495a9","hash":"10239dcbceca2574997e7ba7e0cf7e8c206ee592"}
}
