TN:
SF:src\app.js
FN:26,(anonymous_0)
FNF:1
FNH:1
FNDA:1,(anonymous_0)
DA:5,3
DA:14,3
DA:16,3
DA:17,3
DA:19,3
DA:20,3
DA:21,3
DA:22,3
DA:23,3
DA:24,3
DA:26,3
DA:27,1
LF:12
LH:12
BRF:0
BRH:0
end_of_record
TN:
SF:src\middleware\auth.js
FN:3,(anonymous_0)
FN:20,(anonymous_1)
FN:21,(anonymous_2)
FNF:3
FNH:1
FNDA:0,(anonymous_0)
FNDA:33,(anonymous_1)
FNDA:0,(anonymous_2)
DA:3,3
DA:4,0
DA:5,0
DA:6,0
DA:9,0
DA:11,0
DA:12,0
DA:13,0
DA:14,0
DA:16,0
DA:20,3
DA:21,33
DA:22,0
DA:23,0
DA:25,0
DA:26,0
DA:28,0
LF:17
LH:3
BRDA:5,0,0,0
BRDA:5,0,1,0
BRDA:5,1,0,0
BRDA:5,1,1,0
BRDA:22,2,0,0
BRDA:22,2,1,0
BRDA:25,3,0,0
BRDA:25,3,1,0
BRF:8
BRH:0
end_of_record
TN:
SF:src\modules\auth\auth.controller.js
FN:5,(anonymous_0)
FN:19,(anonymous_1)
FN:59,(anonymous_2)
FN:78,(anonymous_3)
FNF:4
FNH:1
FNDA:1,(anonymous_0)
FNDA:0,(anonymous_1)
FNDA:0,(anonymous_2)
FNDA:0,(anonymous_3)
DA:5,3
DA:6,1
DA:7,1
DA:8,1
DA:11,0
DA:12,0
DA:13,0
DA:16,0
DA:19,3
DA:20,0
DA:21,0
DA:23,0
DA:24,0
DA:27,0
DA:28,0
DA:31,0
DA:32,0
DA:35,0
DA:36,0
DA:39,0
DA:40,0
DA:41,0
DA:43,0
DA:46,0
DA:48,0
DA:52,0
DA:56,0
DA:59,3
DA:60,0
DA:61,0
DA:62,0
DA:65,0
DA:71,0
DA:72,0
DA:75,0
DA:78,3
DA:79,0
DA:80,0
DA:81,0
DA:84,0
DA:85,0
DA:86,0
DA:89,0
LF:43
LH:7
BRDA:7,0,0,1
BRDA:7,0,1,0
BRDA:7,1,0,1
BRDA:7,1,1,0
BRDA:12,2,0,0
BRDA:12,2,1,0
BRDA:21,3,0,0
BRDA:21,3,1,0
BRDA:23,4,0,0
BRDA:23,4,1,0
BRDA:23,5,0,0
BRDA:23,5,1,0
BRDA:23,5,2,0
BRDA:23,5,3,0
BRDA:23,5,4,0
BRDA:27,6,0,0
BRDA:27,6,1,0
BRDA:27,7,0,0
BRDA:27,7,1,0
BRDA:31,8,0,0
BRDA:31,8,1,0
BRDA:31,9,0,0
BRDA:31,9,1,0
BRDA:35,10,0,0
BRDA:35,10,1,0
BRDA:35,11,0,0
BRDA:35,11,1,0
BRDA:40,12,0,0
BRDA:40,12,1,0
BRDA:41,13,0,0
BRDA:41,13,1,0
BRDA:41,13,2,0
BRDA:41,13,3,0
BRDA:52,14,0,0
BRDA:52,14,1,0
BRDA:61,15,0,0
BRDA:61,15,1,0
BRDA:71,16,0,0
BRDA:71,16,1,0
BRDA:80,17,0,0
BRDA:80,17,1,0
BRDA:80,18,0,0
BRDA:80,18,1,0
BRDA:85,19,0,0
BRDA:85,19,1,0
BRF:45
BRH:2
end_of_record
TN:
SF:src\modules\auth\auth.routes.js
FNF:0
FNH:0
DA:5,3
DA:7,3
DA:8,3
DA:9,3
DA:10,3
LF:5
LH:5
BRF:0
BRH:0
end_of_record
TN:
SF:src\modules\auth\auth.service.js
FN:7,(anonymous_0)
FN:61,(anonymous_1)
FN:166,(anonymous_2)
FNF:3
FNH:2
FNDA:4,(anonymous_0)
FNDA:1,(anonymous_1)
FNDA:0,(anonymous_2)
DA:7,4
DA:8,4
DA:14,4
DA:15,0
DA:18,4
DA:19,0
DA:22,4
DA:23,1
DA:26,3
DA:27,0
DA:30,3
DA:31,0
DA:34,3
DA:38,3
DA:39,3
DA:40,3
DA:41,3
DA:42,1
DA:44,3
DA:45,3
DA:48,0
DA:49,0
DA:52,0
DA:58,0
DA:61,4
DA:62,1
DA:64,1
DA:65,0
DA:68,1
DA:69,0
DA:72,1
DA:78,1
DA:79,0
DA:82,1
DA:88,1
DA:89,0
DA:92,1
DA:94,1
DA:96,1
DA:97,1
DA:109,1
DA:110,0
DA:111,0
DA:114,1
DA:116,1
DA:117,0
DA:118,0
DA:130,0
DA:131,0
DA:132,0
DA:135,0
DA:136,0
DA:139,1
DA:140,1
DA:141,1
DA:154,1
DA:155,0
DA:156,0
DA:159,1
DA:160,1
DA:163,0
DA:166,4
DA:167,0
DA:173,0
DA:174,0
DA:177,0
DA:181,0
DA:182,0
DA:185,0
DA:186,0
DA:191,0
DA:192,0
DA:195,0
LF:73
LH:38
BRDA:14,0,0,0
BRDA:14,0,1,4
BRDA:14,1,0,4
BRDA:14,1,1,4
BRDA:18,2,0,0
BRDA:18,2,1,4
BRDA:22,3,0,1
BRDA:22,3,1,3
BRDA:22,4,0,4
BRDA:22,4,1,1
BRDA:26,5,0,0
BRDA:26,5,1,3
BRDA:30,6,0,0
BRDA:30,6,1,3
BRDA:34,7,0,0
BRDA:34,7,1,3
BRDA:38,8,0,3
BRDA:38,8,1,0
BRDA:39,9,0,3
BRDA:39,9,1,1
BRDA:41,10,0,1
BRDA:41,10,1,2
BRDA:48,11,0,0
BRDA:48,11,1,0
BRDA:48,12,0,0
BRDA:48,12,1,0
BRDA:62,13,0,1
BRDA:62,13,1,0
BRDA:64,14,0,0
BRDA:64,14,1,1
BRDA:68,15,0,0
BRDA:68,15,1,1
BRDA:78,16,0,0
BRDA:78,16,1,1
BRDA:88,17,0,0
BRDA:88,17,1,1
BRDA:94,18,0,1
BRDA:94,18,1,0
BRDA:109,19,0,0
BRDA:109,19,1,1
BRDA:116,20,0,0
BRDA:116,20,1,1
BRDA:125,21,0,0
BRDA:125,21,1,0
BRDA:130,22,0,0
BRDA:130,22,1,0
BRDA:139,23,0,1
BRDA:139,23,1,0
BRDA:148,24,0,1
BRDA:148,24,1,0
BRDA:154,25,0,0
BRDA:154,25,1,1
BRDA:173,26,0,0
BRDA:173,26,1,0
BRDA:173,27,0,0
BRDA:173,27,1,0
BRDA:177,28,0,0
BRDA:177,28,1,0
BRDA:181,29,0,0
BRDA:181,29,1,0
BRDA:191,30,0,0
BRDA:191,30,1,0
BRF:62
BRH:27
end_of_record
TN:
SF:src\modules\citas\citas.controller.js
FN:3,(anonymous_0)
FN:13,(anonymous_1)
FN:22,(anonymous_2)
FN:44,(anonymous_3)
FN:53,(anonymous_4)
FNF:5
FNH:0
FNDA:0,(anonymous_0)
FNDA:0,(anonymous_1)
FNDA:0,(anonymous_2)
FNDA:0,(anonymous_3)
FNDA:0,(anonymous_4)
DA:3,3
DA:4,0
DA:5,0
DA:6,0
DA:7,0
DA:9,0
DA:13,3
DA:14,0
DA:15,0
DA:16,0
DA:18,0
DA:22,3
DA:23,0
DA:24,0
DA:25,0
DA:27,0
DA:28,0
DA:29,0
DA:31,0
DA:38,0
DA:40,0
DA:44,3
DA:45,0
DA:46,0
DA:47,0
DA:49,0
DA:53,3
DA:54,0
DA:55,0
DA:56,0
DA:57,0
DA:58,0
DA:60,0
LF:33
LH:5
BRDA:24,0,0,0
BRDA:24,0,1,0
BRDA:28,1,0,0
BRDA:28,1,1,0
BRDA:28,2,0,0
BRDA:28,2,1,0
BRDA:28,2,2,0
BRDA:28,2,3,0
BRDA:56,3,0,0
BRDA:56,3,1,0
BRF:10
BRH:0
end_of_record
TN:
SF:src\modules\citas\citas.routes.js
FNF:0
FNH:0
DA:5,3
DA:7,3
DA:8,3
DA:9,3
DA:10,3
DA:11,3
LF:6
LH:6
BRF:0
BRH:0
end_of_record
TN:
SF:src\modules\citas\citas.service.js
FN:3,(anonymous_0)
FN:17,(anonymous_1)
FN:28,(anonymous_2)
FN:46,(anonymous_3)
FN:58,(anonymous_4)
FNF:5
FNH:0
FNDA:0,(anonymous_0)
FNDA:0,(anonymous_1)
FNDA:0,(anonymous_2)
FNDA:0,(anonymous_3)
FNDA:0,(anonymous_4)
DA:3,3
DA:4,0
DA:9,0
DA:10,0
DA:12,0
DA:13,0
DA:14,0
DA:17,3
DA:18,0
DA:24,0
DA:25,0
DA:28,3
DA:29,0
DA:42,0
DA:43,0
DA:46,3
DA:47,0
DA:54,0
DA:55,0
DA:58,3
DA:59,0
DA:60,0
DA:67,0
LF:23
LH:5
BRDA:9,0,0,0
BRDA:9,0,1,0
BRDA:10,1,0,0
BRDA:10,1,1,0
BRDA:13,2,0,0
BRDA:13,2,1,0
BRDA:24,3,0,0
BRDA:24,3,1,0
BRDA:42,4,0,0
BRDA:42,4,1,0
BRDA:54,5,0,0
BRDA:54,5,1,0
BRF:12
BRH:0
end_of_record
TN:
SF:src\modules\especialidades\especialidades.controller.js
FN:3,(anonymous_0)
FN:12,(anonymous_1)
FN:23,(anonymous_2)
FN:34,(anonymous_3)
FNF:4
FNH:1
FNDA:1,(anonymous_0)
FNDA:0,(anonymous_1)
FNDA:0,(anonymous_2)
FNDA:0,(anonymous_3)
DA:3,3
DA:4,1
DA:5,1
DA:6,1
DA:8,0
DA:12,3
DA:13,0
DA:14,0
DA:15,0
DA:16,0
DA:17,0
DA:19,0
DA:23,3
DA:24,0
DA:25,0
DA:26,0
DA:27,0
DA:28,0
DA:30,0
DA:34,3
DA:35,0
DA:36,0
DA:37,0
DA:39,0
LF:24
LH:7
BRDA:15,0,0,0
BRDA:15,0,1,0
BRDA:26,1,0,0
BRDA:26,1,1,0
BRF:4
BRH:0
end_of_record
TN:
SF:src\modules\especialidades\especialidades.routes.js
FNF:0
FNH:0
DA:5,3
DA:7,3
DA:8,3
DA:9,3
DA:10,3
LF:5
LH:5
BRF:0
BRH:0
end_of_record
TN:
SF:src\modules\especialidades\especialidades.service.js
FN:3,(anonymous_0)
FN:14,(anonymous_1)
FN:25,(anonymous_2)
FN:37,(anonymous_3)
FNF:4
FNH:1
FNDA:1,(anonymous_0)
FNDA:0,(anonymous_1)
FNDA:0,(anonymous_2)
FNDA:0,(anonymous_3)
DA:3,3
DA:4,1
DA:10,1
DA:11,1
DA:14,3
DA:15,0
DA:21,0
DA:22,0
DA:25,3
DA:26,0
DA:33,0
DA:34,0
DA:37,3
DA:38,0
DA:44,0
DA:51,0
DA:52,0
LF:17
LH:7
BRDA:10,0,0,0
BRDA:10,0,1,1
BRDA:21,1,0,0
BRDA:21,1,1,0
BRDA:33,2,0,0
BRDA:33,2,1,0
BRDA:51,3,0,0
BRDA:51,3,1,0
BRF:8
BRH:1
end_of_record
TN:
SF:src\modules\medicos\medicos.controller.js
FN:3,(anonymous_0)
FN:13,(anonymous_1)
FN:25,(anonymous_2)
FN:34,(anonymous_3)
FN:47,(anonymous_4)
FNF:5
FNH:0
FNDA:0,(anonymous_0)
FNDA:0,(anonymous_1)
FNDA:0,(anonymous_2)
FNDA:0,(anonymous_3)
FNDA:0,(anonymous_4)
DA:3,3
DA:4,0
DA:5,0
DA:6,0
DA:7,0
DA:9,0
DA:13,3
DA:14,0
DA:15,0
DA:16,0
DA:17,0
DA:19,0
DA:21,0
DA:25,3
DA:26,0
DA:27,0
DA:28,0
DA:30,0
DA:34,3
DA:35,0
DA:36,0
DA:37,0
DA:38,0
DA:40,0
DA:41,0
DA:43,0
DA:47,3
DA:48,0
DA:49,0
DA:50,0
DA:51,0
DA:53,0
DA:54,0
DA:56,0
LF:34
LH:5
BRDA:16,0,0,0
BRDA:16,0,1,0
BRDA:37,1,0,0
BRDA:37,1,1,0
BRDA:50,2,0,0
BRDA:50,2,1,0
BRDA:50,3,0,0
BRDA:50,3,1,0
BRF:8
BRH:0
end_of_record
TN:
SF:src\modules\medicos\medicos.routes.js
FNF:0
FNH:0
DA:5,3
DA:7,3
DA:8,3
DA:9,3
DA:10,3
DA:11,3
LF:6
LH:6
BRF:0
BRH:0
end_of_record
TN:
SF:src\modules\medicos\medicos.service.js
FN:3,(anonymous_0)
FN:18,(anonymous_1)
FN:29,(anonymous_2)
FN:40,(anonymous_3)
FN:52,(anonymous_4)
FNF:5
FNH:0
FNDA:0,(anonymous_0)
FNDA:0,(anonymous_1)
FNDA:0,(anonymous_2)
FNDA:0,(anonymous_3)
FNDA:0,(anonymous_4)
DA:3,3
DA:4,0
DA:8,0
DA:9,0
DA:12,0
DA:13,0
DA:15,0
DA:18,3
DA:19,0
DA:25,0
DA:26,0
DA:29,3
DA:30,0
DA:36,0
DA:37,0
DA:40,3
DA:41,0
DA:48,0
DA:49,0
DA:52,3
DA:53,0
DA:60,0
DA:61,0
LF:23
LH:5
BRDA:8,0,0,0
BRDA:8,0,1,0
BRDA:13,1,0,0
BRDA:13,1,1,0
BRDA:25,2,0,0
BRDA:25,2,1,0
BRDA:36,3,0,0
BRDA:36,3,1,0
BRDA:48,4,0,0
BRDA:48,4,1,0
BRDA:60,5,0,0
BRDA:60,5,1,0
BRF:12
BRH:0
end_of_record
TN:
SF:src\modules\pacientes\pacientes.controller.js
FN:3,(anonymous_0)
FN:12,(anonymous_1)
FN:26,(anonymous_2)
FN:39,(anonymous_3)
FNF:4
FNH:0
FNDA:0,(anonymous_0)
FNDA:0,(anonymous_1)
FNDA:0,(anonymous_2)
FNDA:0,(anonymous_3)
DA:3,3
DA:4,0
DA:5,0
DA:6,0
DA:8,0
DA:12,3
DA:13,0
DA:14,0
DA:15,0
DA:16,0
DA:18,0
DA:19,0
DA:20,0
DA:22,0
DA:26,3
DA:27,0
DA:28,0
DA:29,0
DA:30,0
DA:32,0
DA:33,0
DA:35,0
DA:39,3
DA:40,0
DA:41,0
DA:42,0
DA:44,0
LF:27
LH:4
BRDA:15,0,0,0
BRDA:15,0,1,0
BRDA:15,1,0,0
BRDA:15,1,1,0
BRDA:19,2,0,0
BRDA:19,2,1,0
BRDA:29,3,0,0
BRDA:29,3,1,0
BRDA:29,4,0,0
BRDA:29,4,1,0
BRF:10
BRH:0
end_of_record
TN:
SF:src\modules\pacientes\pacientes.routes.js
FNF:0
FNH:0
DA:5,3
DA:7,3
DA:8,3
DA:9,3
DA:10,3
LF:5
LH:5
BRF:0
BRH:0
end_of_record
TN:
SF:src\modules\pacientes\pacientes.service.js
FN:3,(anonymous_0)
FN:13,(anonymous_1)
FN:24,(anonymous_2)
FN:36,(anonymous_3)
FNF:4
FNH:0
FNDA:0,(anonymous_0)
FNDA:0,(anonymous_1)
FNDA:0,(anonymous_2)
FNDA:0,(anonymous_3)
DA:3,3
DA:4,0
DA:9,0
DA:10,0
DA:13,3
DA:14,0
DA:20,0
DA:21,0
DA:24,3
DA:25,0
DA:32,0
DA:33,0
DA:36,3
DA:37,0
DA:43,0
DA:45,0
DA:52,0
DA:53,0
LF:18
LH:4
BRDA:9,0,0,0
BRDA:9,0,1,0
BRDA:20,1,0,0
BRDA:20,1,1,0
BRDA:32,2,0,0
BRDA:32,2,1,0
BRDA:43,3,0,0
BRDA:43,3,1,0
BRDA:52,4,0,0
BRDA:52,4,1,0
BRF:10
BRH:0
end_of_record
TN:
SF:src\modules\resenas\resenas.controller.js
FN:3,(anonymous_0)
FN:12,(anonymous_1)
FN:33,(anonymous_2)
FN:42,(anonymous_3)
FN:51,(anonymous_4)
FNF:5
FNH:0
FNDA:0,(anonymous_0)
FNDA:0,(anonymous_1)
FNDA:0,(anonymous_2)
FNDA:0,(anonymous_3)
FNDA:0,(anonymous_4)
DA:3,3
DA:4,0
DA:5,0
DA:6,0
DA:8,0
DA:12,3
DA:13,0
DA:14,0
DA:15,0
DA:17,0
DA:18,0
DA:19,0
DA:21,0
DA:27,0
DA:29,0
DA:33,3
DA:34,0
DA:35,0
DA:36,0
DA:38,0
DA:42,3
DA:43,0
DA:44,0
DA:45,0
DA:47,0
DA:51,3
DA:52,0
DA:53,0
DA:54,0
DA:56,0
LF:30
LH:5
BRDA:14,0,0,0
BRDA:14,0,1,0
BRDA:18,1,0,0
BRDA:18,1,1,0
BRDA:18,2,0,0
BRDA:18,2,1,0
BRF:6
BRH:0
end_of_record
TN:
SF:src\modules\resenas\resenas.routes.js
FNF:0
FNH:0
DA:5,3
DA:7,3
DA:8,3
DA:9,3
DA:10,3
DA:11,3
LF:6
LH:6
BRF:0
BRH:0
end_of_record
TN:
SF:src\modules\resenas\resenas.service.js
FN:3,(anonymous_0)
FN:15,(anonymous_1)
FN:32,(anonymous_2)
FN:42,(anonymous_3)
FN:62,(anonymous_4)
FNF:5
FNH:0
FNDA:0,(anonymous_0)
FNDA:0,(anonymous_1)
FNDA:0,(anonymous_2)
FNDA:0,(anonymous_3)
FNDA:0,(anonymous_4)
DA:3,3
DA:4,0
DA:11,0
DA:12,0
DA:15,3
DA:16,0
DA:28,0
DA:29,0
DA:32,3
DA:33,0
DA:38,0
DA:39,0
DA:42,3
DA:43,0
DA:49,0
DA:51,0
DA:58,0
DA:59,0
DA:62,3
DA:63,0
DA:68,0
DA:69,0
LF:22
LH:5
BRDA:11,0,0,0
BRDA:11,0,1,0
BRDA:28,1,0,0
BRDA:28,1,1,0
BRDA:38,2,0,0
BRDA:38,2,1,0
BRDA:49,3,0,0
BRDA:49,3,1,0
BRDA:58,4,0,0
BRDA:58,4,1,0
BRDA:68,5,0,0
BRDA:68,5,1,0
BRF:12
BRH:0
end_of_record
TN:
SF:src\utils\validarCedula.js
FN:1,(anonymous_0)
FNF:1
FNH:1
FNDA:1,(anonymous_0)
DA:1,4
DA:2,1
DA:3,0
DA:6,1
DA:7,1
DA:8,0
DA:11,1
DA:12,1
DA:14,1
DA:15,1
DA:16,9
DA:17,9
DA:18,5
DA:19,5
DA:21,9
DA:24,1
DA:25,1
DA:27,1
LF:18
LH:16
BRDA:2,0,0,0
BRDA:2,0,1,1
BRDA:2,1,0,1
BRDA:2,1,1,1
BRDA:2,1,2,1
BRDA:7,2,0,0
BRDA:7,2,1,1
BRDA:7,3,0,1
BRDA:7,3,1,1
BRDA:17,4,0,5
BRDA:17,4,1,4
BRDA:19,5,0,0
BRDA:19,5,1,5
BRDA:25,6,0,0
BRDA:25,6,1,1
BRF:15
BRH:11
end_of_record
TN:
SF:src\utils\validarTelefono.js
FN:1,(anonymous_0)
FNF:1
FNH:0
FNDA:0,(anonymous_0)
DA:1,4
DA:2,0
DA:3,0
DA:4,0
LF:4
LH:1
BRDA:2,0,0,0
BRDA:2,0,1,0
BRF:2
BRH:0
end_of_record
